<?xml version="1.0" encoding="UTF-8"?>
<testsuite xmlns:xsi="http://www.w3.org/2001/XMLSchema-instance" xsi:noNamespaceSchemaLocation="https://maven.apache.org/surefire/maven-surefire-plugin/xsd/surefire-test-report.xsd" name="com.zd.seckill.MiaoShaApplicationTests" time="11.286" tests="1" errors="1" skipped="0" failures="0">
  <properties>
    <property name="sun.desktop" value="windows"/>
    <property name="awt.toolkit" value="sun.awt.windows.WToolkit"/>
    <property name="file.encoding.pkg" value="sun.io"/>
    <property name="java.specification.version" value="1.8"/>
    <property name="sun.cpu.isalist" value="amd64"/>
    <property name="sun.jnu.encoding" value="GBK"/>
    <property name="java.class.path" value="D:\study\MiaoSha\target\test-classes;D:\study\MiaoSha\target\classes;D:\enivorment\apache-maven-3.8.4-bin\maven-repository\org\springframework\boot\spring-boot-starter-thymeleaf\2.6.7\spring-boot-starter-thymeleaf-2.6.7.jar;D:\enivorment\apache-maven-3.8.4-bin\maven-repository\org\springframework\boot\spring-boot-starter\2.6.7\spring-boot-starter-2.6.7.jar;D:\enivorment\apache-maven-3.8.4-bin\maven-repository\org\springframework\boot\spring-boot\2.6.7\spring-boot-2.6.7.jar;D:\enivorment\apache-maven-3.8.4-bin\maven-repository\org\springframework\boot\spring-boot-starter-logging\2.6.7\spring-boot-starter-logging-2.6.7.jar;D:\enivorment\apache-maven-3.8.4-bin\maven-repository\ch\qos\logback\logback-classic\1.2.11\logback-classic-1.2.11.jar;D:\enivorment\apache-maven-3.8.4-bin\maven-repository\ch\qos\logback\logback-core\1.2.11\logback-core-1.2.11.jar;D:\enivorment\apache-maven-3.8.4-bin\maven-repository\org\apache\logging\log4j\log4j-to-slf4j\2.17.2\log4j-to-slf4j-2.17.2.jar;D:\enivorment\apache-maven-3.8.4-bin\maven-repository\org\apache\logging\log4j\log4j-api\2.17.2\log4j-api-2.17.2.jar;D:\enivorment\apache-maven-3.8.4-bin\maven-repository\org\slf4j\jul-to-slf4j\1.7.36\jul-to-slf4j-1.7.36.jar;D:\enivorment\apache-maven-3.8.4-bin\maven-repository\jakarta\annotation\jakarta.annotation-api\1.3.5\jakarta.annotation-api-1.3.5.jar;D:\enivorment\apache-maven-3.8.4-bin\maven-repository\org\yaml\snakeyaml\1.29\snakeyaml-1.29.jar;D:\enivorment\apache-maven-3.8.4-bin\maven-repository\org\thymeleaf\thymeleaf-spring5\3.0.15.RELEASE\thymeleaf-spring5-3.0.15.RELEASE.jar;D:\enivorment\apache-maven-3.8.4-bin\maven-repository\org\thymeleaf\thymeleaf\3.0.15.RELEASE\thymeleaf-3.0.15.RELEASE.jar;D:\enivorment\apache-maven-3.8.4-bin\maven-repository\org\attoparser\attoparser\2.0.5.RELEASE\attoparser-2.0.5.RELEASE.jar;D:\enivorment\apache-maven-3.8.4-bin\maven-repository\org\unbescape\unbescape\1.1.6.RELEASE\unbescape-1.1.6.RELEASE.jar;D:\enivorment\apache-maven-3.8.4-bin\maven-repository\org\thymeleaf\extras\thymeleaf-extras-java8time\3.0.4.RELEASE\thymeleaf-extras-java8time-3.0.4.RELEASE.jar;D:\enivorment\apache-maven-3.8.4-bin\maven-repository\org\springframework\boot\spring-boot-starter-web\2.6.7\spring-boot-starter-web-2.6.7.jar;D:\enivorment\apache-maven-3.8.4-bin\maven-repository\org\springframework\boot\spring-boot-starter-json\2.6.7\spring-boot-starter-json-2.6.7.jar;D:\enivorment\apache-maven-3.8.4-bin\maven-repository\com\fasterxml\jackson\core\jackson-databind\2.13.2.1\jackson-databind-2.13.2.1.jar;D:\enivorment\apache-maven-3.8.4-bin\maven-repository\com\fasterxml\jackson\core\jackson-core\2.13.2\jackson-core-2.13.2.jar;D:\enivorment\apache-maven-3.8.4-bin\maven-repository\com\fasterxml\jackson\datatype\jackson-datatype-jdk8\2.13.2\jackson-datatype-jdk8-2.13.2.jar;D:\enivorment\apache-maven-3.8.4-bin\maven-repository\com\fasterxml\jackson\datatype\jackson-datatype-jsr310\2.13.2\jackson-datatype-jsr310-2.13.2.jar;D:\enivorment\apache-maven-3.8.4-bin\maven-repository\com\fasterxml\jackson\module\jackson-module-parameter-names\2.13.2\jackson-module-parameter-names-2.13.2.jar;D:\enivorment\apache-maven-3.8.4-bin\maven-repository\org\springframework\boot\spring-boot-starter-tomcat\2.6.7\spring-boot-starter-tomcat-2.6.7.jar;D:\enivorment\apache-maven-3.8.4-bin\maven-repository\org\apache\tomcat\embed\tomcat-embed-core\9.0.62\tomcat-embed-core-9.0.62.jar;D:\enivorment\apache-maven-3.8.4-bin\maven-repository\org\apache\tomcat\embed\tomcat-embed-websocket\9.0.62\tomcat-embed-websocket-9.0.62.jar;D:\enivorment\apache-maven-3.8.4-bin\maven-repository\org\springframework\spring-web\5.3.19\spring-web-5.3.19.jar;D:\enivorment\apache-maven-3.8.4-bin\maven-repository\org\springframework\spring-beans\5.3.19\spring-beans-5.3.19.jar;D:\enivorment\apache-maven-3.8.4-bin\maven-repository\org\springframework\spring-webmvc\5.3.19\spring-webmvc-5.3.19.jar;D:\enivorment\apache-maven-3.8.4-bin\maven-repository\org\springframework\spring-aop\5.3.19\spring-aop-5.3.19.jar;D:\enivorment\apache-maven-3.8.4-bin\maven-repository\org\springframework\spring-context\5.3.19\spring-context-5.3.19.jar;D:\enivorment\apache-maven-3.8.4-bin\maven-repository\org\springframework\spring-expression\5.3.19\spring-expression-5.3.19.jar;D:\enivorment\apache-maven-3.8.4-bin\maven-repository\com\baomidou\mybatis-plus-boot-starter\3.5.1\mybatis-plus-boot-starter-3.5.1.jar;D:\enivorment\apache-maven-3.8.4-bin\maven-repository\com\baomidou\mybatis-plus\3.5.1\mybatis-plus-3.5.1.jar;D:\enivorment\apache-maven-3.8.4-bin\maven-repository\com\baomidou\mybatis-plus-extension\3.5.1\mybatis-plus-extension-3.5.1.jar;D:\enivorment\apache-maven-3.8.4-bin\maven-repository\com\baomidou\mybatis-plus-core\3.5.1\mybatis-plus-core-3.5.1.jar;D:\enivorment\apache-maven-3.8.4-bin\maven-repository\com\baomidou\mybatis-plus-annotation\3.5.1\mybatis-plus-annotation-3.5.1.jar;D:\enivorment\apache-maven-3.8.4-bin\maven-repository\com\github\jsqlparser\jsqlparser\4.3\jsqlparser-4.3.jar;D:\enivorment\apache-maven-3.8.4-bin\maven-repository\org\mybatis\mybatis\3.5.9\mybatis-3.5.9.jar;D:\enivorment\apache-maven-3.8.4-bin\maven-repository\org\mybatis\mybatis-spring\2.0.6\mybatis-spring-2.0.6.jar;D:\enivorment\apache-maven-3.8.4-bin\maven-repository\org\springframework\boot\spring-boot-autoconfigure\2.6.7\spring-boot-autoconfigure-2.6.7.jar;D:\enivorment\apache-maven-3.8.4-bin\maven-repository\org\springframework\boot\spring-boot-starter-jdbc\2.6.7\spring-boot-starter-jdbc-2.6.7.jar;D:\enivorment\apache-maven-3.8.4-bin\maven-repository\com\zaxxer\HikariCP\4.0.3\HikariCP-4.0.3.jar;D:\enivorment\apache-maven-3.8.4-bin\maven-repository\org\springframework\spring-jdbc\5.3.19\spring-jdbc-5.3.19.jar;D:\enivorment\apache-maven-3.8.4-bin\maven-repository\mysql\mysql-connector-java\8.0.28\mysql-connector-java-8.0.28.jar;D:\enivorment\apache-maven-3.8.4-bin\maven-repository\org\projectlombok\lombok\1.18.24\lombok-1.18.24.jar;D:\enivorment\apache-maven-3.8.4-bin\maven-repository\org\springframework\boot\spring-boot-starter-test\2.6.7\spring-boot-starter-test-2.6.7.jar;D:\enivorment\apache-maven-3.8.4-bin\maven-repository\org\springframework\boot\spring-boot-test\2.6.7\spring-boot-test-2.6.7.jar;D:\enivorment\apache-maven-3.8.4-bin\maven-repository\org\springframework\boot\spring-boot-test-autoconfigure\2.6.7\spring-boot-test-autoconfigure-2.6.7.jar;D:\enivorment\apache-maven-3.8.4-bin\maven-repository\com\jayway\jsonpath\json-path\2.6.0\json-path-2.6.0.jar;D:\enivorment\apache-maven-3.8.4-bin\maven-repository\net\minidev\json-smart\2.4.8\json-smart-2.4.8.jar;D:\enivorment\apache-maven-3.8.4-bin\maven-repository\net\minidev\accessors-smart\2.4.8\accessors-smart-2.4.8.jar;D:\enivorment\apache-maven-3.8.4-bin\maven-repository\org\ow2\asm\asm\9.1\asm-9.1.jar;D:\enivorment\apache-maven-3.8.4-bin\maven-repository\jakarta\xml\bind\jakarta.xml.bind-api\2.3.3\jakarta.xml.bind-api-2.3.3.jar;D:\enivorment\apache-maven-3.8.4-bin\maven-repository\jakarta\activation\jakarta.activation-api\1.2.2\jakarta.activation-api-1.2.2.jar;D:\enivorment\apache-maven-3.8.4-bin\maven-repository\org\assertj\assertj-core\3.21.0\assertj-core-3.21.0.jar;D:\enivorment\apache-maven-3.8.4-bin\maven-repository\org\hamcrest\hamcrest\2.2\hamcrest-2.2.jar;D:\enivorment\apache-maven-3.8.4-bin\maven-repository\org\junit\jupiter\junit-jupiter\5.8.2\junit-jupiter-5.8.2.jar;D:\enivorment\apache-maven-3.8.4-bin\maven-repository\org\junit\jupiter\junit-jupiter-api\5.8.2\junit-jupiter-api-5.8.2.jar;D:\enivorment\apache-maven-3.8.4-bin\maven-repository\org\opentest4j\opentest4j\1.2.0\opentest4j-1.2.0.jar;D:\enivorment\apache-maven-3.8.4-bin\maven-repository\org\junit\platform\junit-platform-commons\1.8.2\junit-platform-commons-1.8.2.jar;D:\enivorment\apache-maven-3.8.4-bin\maven-repository\org\apiguardian\apiguardian-api\1.1.2\apiguardian-api-1.1.2.jar;D:\enivorment\apache-maven-3.8.4-bin\maven-repository\org\junit\jupiter\junit-jupiter-params\5.8.2\junit-jupiter-params-5.8.2.jar;D:\enivorment\apache-maven-3.8.4-bin\maven-repository\org\junit\jupiter\junit-jupiter-engine\5.8.2\junit-jupiter-engine-5.8.2.jar;D:\enivorment\apache-maven-3.8.4-bin\maven-repository\org\junit\platform\junit-platform-engine\1.8.2\junit-platform-engine-1.8.2.jar;D:\enivorment\apache-maven-3.8.4-bin\maven-repository\org\mockito\mockito-core\4.0.0\mockito-core-4.0.0.jar;D:\enivorment\apache-maven-3.8.4-bin\maven-repository\net\bytebuddy\byte-buddy\1.11.22\byte-buddy-1.11.22.jar;D:\enivorment\apache-maven-3.8.4-bin\maven-repository\net\bytebuddy\byte-buddy-agent\1.11.22\byte-buddy-agent-1.11.22.jar;D:\enivorment\apache-maven-3.8.4-bin\maven-repository\org\objenesis\objenesis\3.2\objenesis-3.2.jar;D:\enivorment\apache-maven-3.8.4-bin\maven-repository\org\mockito\mockito-junit-jupiter\4.0.0\mockito-junit-jupiter-4.0.0.jar;D:\enivorment\apache-maven-3.8.4-bin\maven-repository\org\skyscreamer\jsonassert\1.5.0\jsonassert-1.5.0.jar;D:\enivorment\apache-maven-3.8.4-bin\maven-repository\com\vaadin\external\google\android-json\0.0.20131108.vaadin1\android-json-0.0.20131108.vaadin1.jar;D:\enivorment\apache-maven-3.8.4-bin\maven-repository\org\springframework\spring-core\5.3.19\spring-core-5.3.19.jar;D:\enivorment\apache-maven-3.8.4-bin\maven-repository\org\springframework\spring-jcl\5.3.19\spring-jcl-5.3.19.jar;D:\enivorment\apache-maven-3.8.4-bin\maven-repository\org\springframework\spring-test\5.3.19\spring-test-5.3.19.jar;D:\enivorment\apache-maven-3.8.4-bin\maven-repository\org\xmlunit\xmlunit-core\2.8.4\xmlunit-core-2.8.4.jar;D:\enivorment\apache-maven-3.8.4-bin\maven-repository\commons-codec\commons-codec\1.15\commons-codec-1.15.jar;D:\enivorment\apache-maven-3.8.4-bin\maven-repository\org\apache\commons\commons-lang3\3.12.0\commons-lang3-3.12.0.jar;D:\enivorment\apache-maven-3.8.4-bin\maven-repository\io\springfox\springfox-swagger2\2.9.2\springfox-swagger2-2.9.2.jar;D:\enivorment\apache-maven-3.8.4-bin\maven-repository\io\swagger\swagger-annotations\1.5.20\swagger-annotations-1.5.20.jar;D:\enivorment\apache-maven-3.8.4-bin\maven-repository\io\swagger\swagger-models\1.5.20\swagger-models-1.5.20.jar;D:\enivorment\apache-maven-3.8.4-bin\maven-repository\com\fasterxml\jackson\core\jackson-annotations\2.13.2\jackson-annotations-2.13.2.jar;D:\enivorment\apache-maven-3.8.4-bin\maven-repository\io\springfox\springfox-spi\2.9.2\springfox-spi-2.9.2.jar;D:\enivorment\apache-maven-3.8.4-bin\maven-repository\io\springfox\springfox-core\2.9.2\springfox-core-2.9.2.jar;D:\enivorment\apache-maven-3.8.4-bin\maven-repository\io\springfox\springfox-schema\2.9.2\springfox-schema-2.9.2.jar;D:\enivorment\apache-maven-3.8.4-bin\maven-repository\io\springfox\springfox-swagger-common\2.9.2\springfox-swagger-common-2.9.2.jar;D:\enivorment\apache-maven-3.8.4-bin\maven-repository\io\springfox\springfox-spring-web\2.9.2\springfox-spring-web-2.9.2.jar;D:\enivorment\apache-maven-3.8.4-bin\maven-repository\com\google\guava\guava\20.0\guava-20.0.jar;D:\enivorment\apache-maven-3.8.4-bin\maven-repository\com\fasterxml\classmate\1.5.1\classmate-1.5.1.jar;D:\enivorment\apache-maven-3.8.4-bin\maven-repository\org\slf4j\slf4j-api\1.7.36\slf4j-api-1.7.36.jar;D:\enivorment\apache-maven-3.8.4-bin\maven-repository\org\springframework\plugin\spring-plugin-core\1.2.0.RELEASE\spring-plugin-core-1.2.0.RELEASE.jar;D:\enivorment\apache-maven-3.8.4-bin\maven-repository\org\springframework\plugin\spring-plugin-metadata\1.2.0.RELEASE\spring-plugin-metadata-1.2.0.RELEASE.jar;D:\enivorment\apache-maven-3.8.4-bin\maven-repository\org\mapstruct\mapstruct\1.2.0.Final\mapstruct-1.2.0.Final.jar;D:\enivorment\apache-maven-3.8.4-bin\maven-repository\org\springframework\boot\spring-boot-starter-validation\2.6.7\spring-boot-starter-validation-2.6.7.jar;D:\enivorment\apache-maven-3.8.4-bin\maven-repository\org\apache\tomcat\embed\tomcat-embed-el\9.0.62\tomcat-embed-el-9.0.62.jar;D:\enivorment\apache-maven-3.8.4-bin\maven-repository\org\hibernate\validator\hibernate-validator\6.2.3.Final\hibernate-validator-6.2.3.Final.jar;D:\enivorment\apache-maven-3.8.4-bin\maven-repository\jakarta\validation\jakarta.validation-api\2.0.2\jakarta.validation-api-2.0.2.jar;D:\enivorment\apache-maven-3.8.4-bin\maven-repository\org\jboss\logging\jboss-logging\3.4.3.Final\jboss-logging-3.4.3.Final.jar;D:\enivorment\apache-maven-3.8.4-bin\maven-repository\org\apache\commons\commons-pool2\2.11.1\commons-pool2-2.11.1.jar;D:\enivorment\apache-maven-3.8.4-bin\maven-repository\org\springframework\boot\spring-boot-starter-data-redis\2.6.7\spring-boot-starter-data-redis-2.6.7.jar;D:\enivorment\apache-maven-3.8.4-bin\maven-repository\org\springframework\data\spring-data-redis\2.6.4\spring-data-redis-2.6.4.jar;D:\enivorment\apache-maven-3.8.4-bin\maven-repository\org\springframework\data\spring-data-keyvalue\2.6.4\spring-data-keyvalue-2.6.4.jar;D:\enivorment\apache-maven-3.8.4-bin\maven-repository\org\springframework\data\spring-data-commons\2.6.4\spring-data-commons-2.6.4.jar;D:\enivorment\apache-maven-3.8.4-bin\maven-repository\org\springframework\spring-tx\5.3.19\spring-tx-5.3.19.jar;D:\enivorment\apache-maven-3.8.4-bin\maven-repository\org\springframework\spring-oxm\5.3.19\spring-oxm-5.3.19.jar;D:\enivorment\apache-maven-3.8.4-bin\maven-repository\org\springframework\spring-context-support\5.3.19\spring-context-support-5.3.19.jar;D:\enivorment\apache-maven-3.8.4-bin\maven-repository\io\lettuce\lettuce-core\6.1.8.RELEASE\lettuce-core-6.1.8.RELEASE.jar;D:\enivorment\apache-maven-3.8.4-bin\maven-repository\io\netty\netty-common\4.1.76.Final\netty-common-4.1.76.Final.jar;D:\enivorment\apache-maven-3.8.4-bin\maven-repository\io\netty\netty-handler\4.1.76.Final\netty-handler-4.1.76.Final.jar;D:\enivorment\apache-maven-3.8.4-bin\maven-repository\io\netty\netty-resolver\4.1.76.Final\netty-resolver-4.1.76.Final.jar;D:\enivorment\apache-maven-3.8.4-bin\maven-repository\io\netty\netty-buffer\4.1.76.Final\netty-buffer-4.1.76.Final.jar;D:\enivorment\apache-maven-3.8.4-bin\maven-repository\io\netty\netty-codec\4.1.76.Final\netty-codec-4.1.76.Final.jar;D:\enivorment\apache-maven-3.8.4-bin\maven-repository\io\netty\netty-transport\4.1.76.Final\netty-transport-4.1.76.Final.jar;D:\enivorment\apache-maven-3.8.4-bin\maven-repository\io\projectreactor\reactor-core\3.4.17\reactor-core-3.4.17.jar;D:\enivorment\apache-maven-3.8.4-bin\maven-repository\org\reactivestreams\reactive-streams\1.0.3\reactive-streams-1.0.3.jar;D:\enivorment\apache-maven-3.8.4-bin\maven-repository\org\springframework\boot\spring-boot-starter-amqp\2.6.7\spring-boot-starter-amqp-2.6.7.jar;D:\enivorment\apache-maven-3.8.4-bin\maven-repository\org\springframework\spring-messaging\5.3.19\spring-messaging-5.3.19.jar;D:\enivorment\apache-maven-3.8.4-bin\maven-repository\org\springframework\amqp\spring-rabbit\2.4.4\spring-rabbit-2.4.4.jar;D:\enivorment\apache-maven-3.8.4-bin\maven-repository\org\springframework\amqp\spring-amqp\2.4.4\spring-amqp-2.4.4.jar;D:\enivorment\apache-maven-3.8.4-bin\maven-repository\org\springframework\retry\spring-retry\1.3.3\spring-retry-1.3.3.jar;D:\enivorment\apache-maven-3.8.4-bin\maven-repository\com\rabbitmq\amqp-client\5.13.1\amqp-client-5.13.1.jar;D:\enivorment\apache-maven-3.8.4-bin\maven-repository\io\springfox\springfox-swagger-ui\2.9.2\springfox-swagger-ui-2.9.2.jar;"/>
    <property name="java.vm.vendor" value="Oracle Corporation"/>
    <property name="sun.arch.data.model" value="64"/>
    <property name="user.variant" value=""/>
    <property name="java.vendor.url" value="http://java.oracle.com/"/>
    <property name="user.timezone" value="Asia/Shanghai"/>
    <property name="java.vm.specification.version" value="1.8"/>
    <property name="os.name" value="Windows 10"/>
    <property name="user.country" value="CN"/>
    <property name="sun.java.launcher" value="SUN_STANDARD"/>
    <property name="sun.boot.library.path" value="D:\enivorment\java\JDK\jre\bin"/>
    <property name="sun.java.command" value="C:\Users\11264\AppData\Local\Temp\surefire641257075649245140\surefirebooter3544246569743252121.jar C:\Users\11264\AppData\Local\Temp\surefire641257075649245140 2022-07-23T10-21-52_468-jvmRun1 surefire2818938083571641827tmp surefire_06453946524374234563tmp"/>
    <property name="surefire.test.class.path" value="D:\study\MiaoSha\target\test-classes;D:\study\MiaoSha\target\classes;D:\enivorment\apache-maven-3.8.4-bin\maven-repository\org\springframework\boot\spring-boot-starter-thymeleaf\2.6.7\spring-boot-starter-thymeleaf-2.6.7.jar;D:\enivorment\apache-maven-3.8.4-bin\maven-repository\org\springframework\boot\spring-boot-starter\2.6.7\spring-boot-starter-2.6.7.jar;D:\enivorment\apache-maven-3.8.4-bin\maven-repository\org\springframework\boot\spring-boot\2.6.7\spring-boot-2.6.7.jar;D:\enivorment\apache-maven-3.8.4-bin\maven-repository\org\springframework\boot\spring-boot-starter-logging\2.6.7\spring-boot-starter-logging-2.6.7.jar;D:\enivorment\apache-maven-3.8.4-bin\maven-repository\ch\qos\logback\logback-classic\1.2.11\logback-classic-1.2.11.jar;D:\enivorment\apache-maven-3.8.4-bin\maven-repository\ch\qos\logback\logback-core\1.2.11\logback-core-1.2.11.jar;D:\enivorment\apache-maven-3.8.4-bin\maven-repository\org\apache\logging\log4j\log4j-to-slf4j\2.17.2\log4j-to-slf4j-2.17.2.jar;D:\enivorment\apache-maven-3.8.4-bin\maven-repository\org\apache\logging\log4j\log4j-api\2.17.2\log4j-api-2.17.2.jar;D:\enivorment\apache-maven-3.8.4-bin\maven-repository\org\slf4j\jul-to-slf4j\1.7.36\jul-to-slf4j-1.7.36.jar;D:\enivorment\apache-maven-3.8.4-bin\maven-repository\jakarta\annotation\jakarta.annotation-api\1.3.5\jakarta.annotation-api-1.3.5.jar;D:\enivorment\apache-maven-3.8.4-bin\maven-repository\org\yaml\snakeyaml\1.29\snakeyaml-1.29.jar;D:\enivorment\apache-maven-3.8.4-bin\maven-repository\org\thymeleaf\thymeleaf-spring5\3.0.15.RELEASE\thymeleaf-spring5-3.0.15.RELEASE.jar;D:\enivorment\apache-maven-3.8.4-bin\maven-repository\org\thymeleaf\thymeleaf\3.0.15.RELEASE\thymeleaf-3.0.15.RELEASE.jar;D:\enivorment\apache-maven-3.8.4-bin\maven-repository\org\attoparser\attoparser\2.0.5.RELEASE\attoparser-2.0.5.RELEASE.jar;D:\enivorment\apache-maven-3.8.4-bin\maven-repository\org\unbescape\unbescape\1.1.6.RELEASE\unbescape-1.1.6.RELEASE.jar;D:\enivorment\apache-maven-3.8.4-bin\maven-repository\org\thymeleaf\extras\thymeleaf-extras-java8time\3.0.4.RELEASE\thymeleaf-extras-java8time-3.0.4.RELEASE.jar;D:\enivorment\apache-maven-3.8.4-bin\maven-repository\org\springframework\boot\spring-boot-starter-web\2.6.7\spring-boot-starter-web-2.6.7.jar;D:\enivorment\apache-maven-3.8.4-bin\maven-repository\org\springframework\boot\spring-boot-starter-json\2.6.7\spring-boot-starter-json-2.6.7.jar;D:\enivorment\apache-maven-3.8.4-bin\maven-repository\com\fasterxml\jackson\core\jackson-databind\2.13.2.1\jackson-databind-2.13.2.1.jar;D:\enivorment\apache-maven-3.8.4-bin\maven-repository\com\fasterxml\jackson\core\jackson-core\2.13.2\jackson-core-2.13.2.jar;D:\enivorment\apache-maven-3.8.4-bin\maven-repository\com\fasterxml\jackson\datatype\jackson-datatype-jdk8\2.13.2\jackson-datatype-jdk8-2.13.2.jar;D:\enivorment\apache-maven-3.8.4-bin\maven-repository\com\fasterxml\jackson\datatype\jackson-datatype-jsr310\2.13.2\jackson-datatype-jsr310-2.13.2.jar;D:\enivorment\apache-maven-3.8.4-bin\maven-repository\com\fasterxml\jackson\module\jackson-module-parameter-names\2.13.2\jackson-module-parameter-names-2.13.2.jar;D:\enivorment\apache-maven-3.8.4-bin\maven-repository\org\springframework\boot\spring-boot-starter-tomcat\2.6.7\spring-boot-starter-tomcat-2.6.7.jar;D:\enivorment\apache-maven-3.8.4-bin\maven-repository\org\apache\tomcat\embed\tomcat-embed-core\9.0.62\tomcat-embed-core-9.0.62.jar;D:\enivorment\apache-maven-3.8.4-bin\maven-repository\org\apache\tomcat\embed\tomcat-embed-websocket\9.0.62\tomcat-embed-websocket-9.0.62.jar;D:\enivorment\apache-maven-3.8.4-bin\maven-repository\org\springframework\spring-web\5.3.19\spring-web-5.3.19.jar;D:\enivorment\apache-maven-3.8.4-bin\maven-repository\org\springframework\spring-beans\5.3.19\spring-beans-5.3.19.jar;D:\enivorment\apache-maven-3.8.4-bin\maven-repository\org\springframework\spring-webmvc\5.3.19\spring-webmvc-5.3.19.jar;D:\enivorment\apache-maven-3.8.4-bin\maven-repository\org\springframework\spring-aop\5.3.19\spring-aop-5.3.19.jar;D:\enivorment\apache-maven-3.8.4-bin\maven-repository\org\springframework\spring-context\5.3.19\spring-context-5.3.19.jar;D:\enivorment\apache-maven-3.8.4-bin\maven-repository\org\springframework\spring-expression\5.3.19\spring-expression-5.3.19.jar;D:\enivorment\apache-maven-3.8.4-bin\maven-repository\com\baomidou\mybatis-plus-boot-starter\3.5.1\mybatis-plus-boot-starter-3.5.1.jar;D:\enivorment\apache-maven-3.8.4-bin\maven-repository\com\baomidou\mybatis-plus\3.5.1\mybatis-plus-3.5.1.jar;D:\enivorment\apache-maven-3.8.4-bin\maven-repository\com\baomidou\mybatis-plus-extension\3.5.1\mybatis-plus-extension-3.5.1.jar;D:\enivorment\apache-maven-3.8.4-bin\maven-repository\com\baomidou\mybatis-plus-core\3.5.1\mybatis-plus-core-3.5.1.jar;D:\enivorment\apache-maven-3.8.4-bin\maven-repository\com\baomidou\mybatis-plus-annotation\3.5.1\mybatis-plus-annotation-3.5.1.jar;D:\enivorment\apache-maven-3.8.4-bin\maven-repository\com\github\jsqlparser\jsqlparser\4.3\jsqlparser-4.3.jar;D:\enivorment\apache-maven-3.8.4-bin\maven-repository\org\mybatis\mybatis\3.5.9\mybatis-3.5.9.jar;D:\enivorment\apache-maven-3.8.4-bin\maven-repository\org\mybatis\mybatis-spring\2.0.6\mybatis-spring-2.0.6.jar;D:\enivorment\apache-maven-3.8.4-bin\maven-repository\org\springframework\boot\spring-boot-autoconfigure\2.6.7\spring-boot-autoconfigure-2.6.7.jar;D:\enivorment\apache-maven-3.8.4-bin\maven-repository\org\springframework\boot\spring-boot-starter-jdbc\2.6.7\spring-boot-starter-jdbc-2.6.7.jar;D:\enivorment\apache-maven-3.8.4-bin\maven-repository\com\zaxxer\HikariCP\4.0.3\HikariCP-4.0.3.jar;D:\enivorment\apache-maven-3.8.4-bin\maven-repository\org\springframework\spring-jdbc\5.3.19\spring-jdbc-5.3.19.jar;D:\enivorment\apache-maven-3.8.4-bin\maven-repository\mysql\mysql-connector-java\8.0.28\mysql-connector-java-8.0.28.jar;D:\enivorment\apache-maven-3.8.4-bin\maven-repository\org\projectlombok\lombok\1.18.24\lombok-1.18.24.jar;D:\enivorment\apache-maven-3.8.4-bin\maven-repository\org\springframework\boot\spring-boot-starter-test\2.6.7\spring-boot-starter-test-2.6.7.jar;D:\enivorment\apache-maven-3.8.4-bin\maven-repository\org\springframework\boot\spring-boot-test\2.6.7\spring-boot-test-2.6.7.jar;D:\enivorment\apache-maven-3.8.4-bin\maven-repository\org\springframework\boot\spring-boot-test-autoconfigure\2.6.7\spring-boot-test-autoconfigure-2.6.7.jar;D:\enivorment\apache-maven-3.8.4-bin\maven-repository\com\jayway\jsonpath\json-path\2.6.0\json-path-2.6.0.jar;D:\enivorment\apache-maven-3.8.4-bin\maven-repository\net\minidev\json-smart\2.4.8\json-smart-2.4.8.jar;D:\enivorment\apache-maven-3.8.4-bin\maven-repository\net\minidev\accessors-smart\2.4.8\accessors-smart-2.4.8.jar;D:\enivorment\apache-maven-3.8.4-bin\maven-repository\org\ow2\asm\asm\9.1\asm-9.1.jar;D:\enivorment\apache-maven-3.8.4-bin\maven-repository\jakarta\xml\bind\jakarta.xml.bind-api\2.3.3\jakarta.xml.bind-api-2.3.3.jar;D:\enivorment\apache-maven-3.8.4-bin\maven-repository\jakarta\activation\jakarta.activation-api\1.2.2\jakarta.activation-api-1.2.2.jar;D:\enivorment\apache-maven-3.8.4-bin\maven-repository\org\assertj\assertj-core\3.21.0\assertj-core-3.21.0.jar;D:\enivorment\apache-maven-3.8.4-bin\maven-repository\org\hamcrest\hamcrest\2.2\hamcrest-2.2.jar;D:\enivorment\apache-maven-3.8.4-bin\maven-repository\org\junit\jupiter\junit-jupiter\5.8.2\junit-jupiter-5.8.2.jar;D:\enivorment\apache-maven-3.8.4-bin\maven-repository\org\junit\jupiter\junit-jupiter-api\5.8.2\junit-jupiter-api-5.8.2.jar;D:\enivorment\apache-maven-3.8.4-bin\maven-repository\org\opentest4j\opentest4j\1.2.0\opentest4j-1.2.0.jar;D:\enivorment\apache-maven-3.8.4-bin\maven-repository\org\junit\platform\junit-platform-commons\1.8.2\junit-platform-commons-1.8.2.jar;D:\enivorment\apache-maven-3.8.4-bin\maven-repository\org\apiguardian\apiguardian-api\1.1.2\apiguardian-api-1.1.2.jar;D:\enivorment\apache-maven-3.8.4-bin\maven-repository\org\junit\jupiter\junit-jupiter-params\5.8.2\junit-jupiter-params-5.8.2.jar;D:\enivorment\apache-maven-3.8.4-bin\maven-repository\org\junit\jupiter\junit-jupiter-engine\5.8.2\junit-jupiter-engine-5.8.2.jar;D:\enivorment\apache-maven-3.8.4-bin\maven-repository\org\junit\platform\junit-platform-engine\1.8.2\junit-platform-engine-1.8.2.jar;D:\enivorment\apache-maven-3.8.4-bin\maven-repository\org\mockito\mockito-core\4.0.0\mockito-core-4.0.0.jar;D:\enivorment\apache-maven-3.8.4-bin\maven-repository\net\bytebuddy\byte-buddy\1.11.22\byte-buddy-1.11.22.jar;D:\enivorment\apache-maven-3.8.4-bin\maven-repository\net\bytebuddy\byte-buddy-agent\1.11.22\byte-buddy-agent-1.11.22.jar;D:\enivorment\apache-maven-3.8.4-bin\maven-repository\org\objenesis\objenesis\3.2\objenesis-3.2.jar;D:\enivorment\apache-maven-3.8.4-bin\maven-repository\org\mockito\mockito-junit-jupiter\4.0.0\mockito-junit-jupiter-4.0.0.jar;D:\enivorment\apache-maven-3.8.4-bin\maven-repository\org\skyscreamer\jsonassert\1.5.0\jsonassert-1.5.0.jar;D:\enivorment\apache-maven-3.8.4-bin\maven-repository\com\vaadin\external\google\android-json\0.0.20131108.vaadin1\android-json-0.0.20131108.vaadin1.jar;D:\enivorment\apache-maven-3.8.4-bin\maven-repository\org\springframework\spring-core\5.3.19\spring-core-5.3.19.jar;D:\enivorment\apache-maven-3.8.4-bin\maven-repository\org\springframework\spring-jcl\5.3.19\spring-jcl-5.3.19.jar;D:\enivorment\apache-maven-3.8.4-bin\maven-repository\org\springframework\spring-test\5.3.19\spring-test-5.3.19.jar;D:\enivorment\apache-maven-3.8.4-bin\maven-repository\org\xmlunit\xmlunit-core\2.8.4\xmlunit-core-2.8.4.jar;D:\enivorment\apache-maven-3.8.4-bin\maven-repository\commons-codec\commons-codec\1.15\commons-codec-1.15.jar;D:\enivorment\apache-maven-3.8.4-bin\maven-repository\org\apache\commons\commons-lang3\3.12.0\commons-lang3-3.12.0.jar;D:\enivorment\apache-maven-3.8.4-bin\maven-repository\io\springfox\springfox-swagger2\2.9.2\springfox-swagger2-2.9.2.jar;D:\enivorment\apache-maven-3.8.4-bin\maven-repository\io\swagger\swagger-annotations\1.5.20\swagger-annotations-1.5.20.jar;D:\enivorment\apache-maven-3.8.4-bin\maven-repository\io\swagger\swagger-models\1.5.20\swagger-models-1.5.20.jar;D:\enivorment\apache-maven-3.8.4-bin\maven-repository\com\fasterxml\jackson\core\jackson-annotations\2.13.2\jackson-annotations-2.13.2.jar;D:\enivorment\apache-maven-3.8.4-bin\maven-repository\io\springfox\springfox-spi\2.9.2\springfox-spi-2.9.2.jar;D:\enivorment\apache-maven-3.8.4-bin\maven-repository\io\springfox\springfox-core\2.9.2\springfox-core-2.9.2.jar;D:\enivorment\apache-maven-3.8.4-bin\maven-repository\io\springfox\springfox-schema\2.9.2\springfox-schema-2.9.2.jar;D:\enivorment\apache-maven-3.8.4-bin\maven-repository\io\springfox\springfox-swagger-common\2.9.2\springfox-swagger-common-2.9.2.jar;D:\enivorment\apache-maven-3.8.4-bin\maven-repository\io\springfox\springfox-spring-web\2.9.2\springfox-spring-web-2.9.2.jar;D:\enivorment\apache-maven-3.8.4-bin\maven-repository\com\google\guava\guava\20.0\guava-20.0.jar;D:\enivorment\apache-maven-3.8.4-bin\maven-repository\com\fasterxml\classmate\1.5.1\classmate-1.5.1.jar;D:\enivorment\apache-maven-3.8.4-bin\maven-repository\org\slf4j\slf4j-api\1.7.36\slf4j-api-1.7.36.jar;D:\enivorment\apache-maven-3.8.4-bin\maven-repository\org\springframework\plugin\spring-plugin-core\1.2.0.RELEASE\spring-plugin-core-1.2.0.RELEASE.jar;D:\enivorment\apache-maven-3.8.4-bin\maven-repository\org\springframework\plugin\spring-plugin-metadata\1.2.0.RELEASE\spring-plugin-metadata-1.2.0.RELEASE.jar;D:\enivorment\apache-maven-3.8.4-bin\maven-repository\org\mapstruct\mapstruct\1.2.0.Final\mapstruct-1.2.0.Final.jar;D:\enivorment\apache-maven-3.8.4-bin\maven-repository\org\springframework\boot\spring-boot-starter-validation\2.6.7\spring-boot-starter-validation-2.6.7.jar;D:\enivorment\apache-maven-3.8.4-bin\maven-repository\org\apache\tomcat\embed\tomcat-embed-el\9.0.62\tomcat-embed-el-9.0.62.jar;D:\enivorment\apache-maven-3.8.4-bin\maven-repository\org\hibernate\validator\hibernate-validator\6.2.3.Final\hibernate-validator-6.2.3.Final.jar;D:\enivorment\apache-maven-3.8.4-bin\maven-repository\jakarta\validation\jakarta.validation-api\2.0.2\jakarta.validation-api-2.0.2.jar;D:\enivorment\apache-maven-3.8.4-bin\maven-repository\org\jboss\logging\jboss-logging\3.4.3.Final\jboss-logging-3.4.3.Final.jar;D:\enivorment\apache-maven-3.8.4-bin\maven-repository\org\apache\commons\commons-pool2\2.11.1\commons-pool2-2.11.1.jar;D:\enivorment\apache-maven-3.8.4-bin\maven-repository\org\springframework\boot\spring-boot-starter-data-redis\2.6.7\spring-boot-starter-data-redis-2.6.7.jar;D:\enivorment\apache-maven-3.8.4-bin\maven-repository\org\springframework\data\spring-data-redis\2.6.4\spring-data-redis-2.6.4.jar;D:\enivorment\apache-maven-3.8.4-bin\maven-repository\org\springframework\data\spring-data-keyvalue\2.6.4\spring-data-keyvalue-2.6.4.jar;D:\enivorment\apache-maven-3.8.4-bin\maven-repository\org\springframework\data\spring-data-commons\2.6.4\spring-data-commons-2.6.4.jar;D:\enivorment\apache-maven-3.8.4-bin\maven-repository\org\springframework\spring-tx\5.3.19\spring-tx-5.3.19.jar;D:\enivorment\apache-maven-3.8.4-bin\maven-repository\org\springframework\spring-oxm\5.3.19\spring-oxm-5.3.19.jar;D:\enivorment\apache-maven-3.8.4-bin\maven-repository\org\springframework\spring-context-support\5.3.19\spring-context-support-5.3.19.jar;D:\enivorment\apache-maven-3.8.4-bin\maven-repository\io\lettuce\lettuce-core\6.1.8.RELEASE\lettuce-core-6.1.8.RELEASE.jar;D:\enivorment\apache-maven-3.8.4-bin\maven-repository\io\netty\netty-common\4.1.76.Final\netty-common-4.1.76.Final.jar;D:\enivorment\apache-maven-3.8.4-bin\maven-repository\io\netty\netty-handler\4.1.76.Final\netty-handler-4.1.76.Final.jar;D:\enivorment\apache-maven-3.8.4-bin\maven-repository\io\netty\netty-resolver\4.1.76.Final\netty-resolver-4.1.76.Final.jar;D:\enivorment\apache-maven-3.8.4-bin\maven-repository\io\netty\netty-buffer\4.1.76.Final\netty-buffer-4.1.76.Final.jar;D:\enivorment\apache-maven-3.8.4-bin\maven-repository\io\netty\netty-codec\4.1.76.Final\netty-codec-4.1.76.Final.jar;D:\enivorment\apache-maven-3.8.4-bin\maven-repository\io\netty\netty-transport\4.1.76.Final\netty-transport-4.1.76.Final.jar;D:\enivorment\apache-maven-3.8.4-bin\maven-repository\io\projectreactor\reactor-core\3.4.17\reactor-core-3.4.17.jar;D:\enivorment\apache-maven-3.8.4-bin\maven-repository\org\reactivestreams\reactive-streams\1.0.3\reactive-streams-1.0.3.jar;D:\enivorment\apache-maven-3.8.4-bin\maven-repository\org\springframework\boot\spring-boot-starter-amqp\2.6.7\spring-boot-starter-amqp-2.6.7.jar;D:\enivorment\apache-maven-3.8.4-bin\maven-repository\org\springframework\spring-messaging\5.3.19\spring-messaging-5.3.19.jar;D:\enivorment\apache-maven-3.8.4-bin\maven-repository\org\springframework\amqp\spring-rabbit\2.4.4\spring-rabbit-2.4.4.jar;D:\enivorment\apache-maven-3.8.4-bin\maven-repository\org\springframework\amqp\spring-amqp\2.4.4\spring-amqp-2.4.4.jar;D:\enivorment\apache-maven-3.8.4-bin\maven-repository\org\springframework\retry\spring-retry\1.3.3\spring-retry-1.3.3.jar;D:\enivorment\apache-maven-3.8.4-bin\maven-repository\com\rabbitmq\amqp-client\5.13.1\amqp-client-5.13.1.jar;D:\enivorment\apache-maven-3.8.4-bin\maven-repository\io\springfox\springfox-swagger-ui\2.9.2\springfox-swagger-ui-2.9.2.jar;"/>
    <property name="sun.cpu.endian" value="little"/>
    <property name="user.home" value="C:\Users\11264"/>
    <property name="user.language" value="zh"/>
    <property name="java.specification.vendor" value="Oracle Corporation"/>
    <property name="java.home" value="D:\enivorment\java\JDK\jre"/>
    <property name="basedir" value="D:\study\MiaoSha"/>
    <property name="file.separator" value="\"/>
    <property name="line.separator" value="&#10;"/>
    <property name="java.vm.specification.vendor" value="Oracle Corporation"/>
    <property name="java.specification.name" value="Java Platform API Specification"/>
    <property name="java.awt.graphicsenv" value="sun.awt.Win32GraphicsEnvironment"/>
    <property name="surefire.real.class.path" value="C:\Users\11264\AppData\Local\Temp\surefire641257075649245140\surefirebooter3544246569743252121.jar"/>
    <property name="sun.boot.class.path" value="D:\enivorment\java\JDK\jre\lib\resources.jar;D:\enivorment\java\JDK\jre\lib\rt.jar;D:\enivorment\java\JDK\jre\lib\sunrsasign.jar;D:\enivorment\java\JDK\jre\lib\jsse.jar;D:\enivorment\java\JDK\jre\lib\jce.jar;D:\enivorment\java\JDK\jre\lib\charsets.jar;D:\enivorment\java\JDK\jre\lib\jfr.jar;D:\enivorment\java\JDK\jre\classes"/>
    <property name="user.script" value=""/>
    <property name="sun.management.compiler" value="HotSpot 64-Bit Tiered Compilers"/>
    <property name="java.runtime.version" value="1.8.0_311-b11"/>
    <property name="user.name" value="11264"/>
    <property name="path.separator" value=";"/>
    <property name="os.version" value="10.0"/>
    <property name="java.endorsed.dirs" value="D:\enivorment\java\JDK\jre\lib\endorsed"/>
    <property name="java.runtime.name" value="Java(TM) SE Runtime Environment"/>
    <property name="file.encoding" value="GBK"/>
    <property name="java.vm.name" value="Java HotSpot(TM) 64-Bit Server VM"/>
    <property name="localRepository" value="D:\enivorment\apache-maven-3.8.4-bin\maven-repository"/>
    <property name="java.vendor.url.bug" value="http://bugreport.sun.com/bugreport/"/>
    <property name="java.io.tmpdir" value="C:\Users\11264\AppData\Local\Temp\"/>
    <property name="java.version" value="1.8.0_311"/>
    <property name="user.dir" value="D:\study\MiaoSha"/>
    <property name="os.arch" value="amd64"/>
    <property name="java.vm.specification.name" value="Java Virtual Machine Specification"/>
    <property name="java.awt.printerjob" value="sun.awt.windows.WPrinterJob"/>
    <property name="sun.os.patch.level" value=""/>
    <property name="java.library.path" value="D:\enivorment\java\JDK\jre\bin;C:\WINDOWS\Sun\Java\bin;C:\WINDOWS\system32;C:\WINDOWS;D:\enivorment\vm\bin\;C:\Program Files (x86)\Common Files\Oracle\Java\javapath;C:\WINDOWS\system32;C:\WINDOWS;C:\WINDOWS\System32\Wbem;C:\WINDOWS\System32\WindowsPowerShell\v1.0\;C:\WINDOWS\System32\OpenSSH\;D:\enivorment\java\JDK\\bin;D:\enivorment\java\jre\bin;D:\software\vscode\Microsoft VS Code\bin;D:\software\Git\cmd;C:\Program Files\Docker\Docker\resources\bin;C:\ProgramData\DockerDesktop\version-bin;D:\enivorment\apache-maven-3.8.4-bin\apache-maven-3.8.4\bin;D:\enivorment\nvm-setup\nvm;C:\Program Files\nodejs;D:\enivorment\elg\erl-24.3.4\bin;C:\Program Files\MySQL\MySQL Server 8.0\bin;D:\enivorment\xshell\;D:\software\xftp\;C:\Users\11264\AppData\Local\Microsoft\WindowsApps;D:\software\idea\IntelliJ IDEA 2021.2.3\bin;;D:\enivorment\nvm-setup\nvm;C:\Program Files\nodejs;;."/>
    <property name="java.vm.info" value="mixed mode"/>
    <property name="java.vendor" value="Oracle Corporation"/>
    <property name="java.vm.version" value="25.311-b11"/>
    <property name="java.ext.dirs" value="D:\enivorment\java\JDK\jre\lib\ext;C:\WINDOWS\Sun\Java\lib\ext"/>
    <property name="sun.io.unicode.encoding" value="UnicodeLittle"/>
    <property name="java.class.version" value="52.0"/>
  </properties>
  <testcase name="contextLoads" classname="com.zd.seckill.MiaoShaApplicationTests" time="0.021">
    <error message="Failed to load ApplicationContext" type="java.lang.IllegalStateException">java.lang.IllegalStateException: Failed to load ApplicationContext
Caused by: org.springframework.beans.factory.BeanCreationException: Error creating bean with name 'secKillController' defined in file [D:\study\MiaoSha\target\classes\com\zd\seckill\controller\SecKillController.class]: Invocation of init method failed; nested exception is org.springframework.data.redis.RedisConnectionFailureException: Unable to connect to Redis; nested exception is org.springframework.data.redis.connection.PoolException: Could not get a resource from the pool; nested exception is io.lettuce.core.RedisConnectionException: Unable to connect to 127.0.0.1:6379
Caused by: org.springframework.data.redis.RedisConnectionFailureException: Unable to connect to Redis; nested exception is org.springframework.data.redis.connection.PoolException: Could not get a resource from the pool; nested exception is io.lettuce.core.RedisConnectionException: Unable to connect to 127.0.0.1:6379
Caused by: org.springframework.data.redis.connection.PoolException: Could not get a resource from the pool; nested exception is io.lettuce.core.RedisConnectionException: Unable to connect to 127.0.0.1:6379
Caused by: io.lettuce.core.RedisConnectionException: Unable to connect to 127.0.0.1:6379
Caused by: io.netty.channel.AbstractChannel$AnnotatedConnectException: Connection refused: no further information: /127.0.0.1:6379
Caused by: java.net.ConnectException: Connection refused: no further information
</error>
    <system-out><![CDATA[10:21:53.987 [main] DEBUG org.springframework.test.context.BootstrapUtils - Instantiating CacheAwareContextLoaderDelegate from class [org.springframework.test.context.cache.DefaultCacheAwareContextLoaderDelegate]
10:21:54.002 [main] DEBUG org.springframework.test.context.BootstrapUtils - Instantiating BootstrapContext using constructor [public org.springframework.test.context.support.DefaultBootstrapContext(java.lang.Class,org.springframework.test.context.CacheAwareContextLoaderDelegate)]
10:21:54.049 [main] DEBUG org.springframework.test.context.BootstrapUtils - Instantiating TestContextBootstrapper for test class [com.zd.seckill.MiaoShaApplicationTests] from class [org.springframework.boot.test.context.SpringBootTestContextBootstrapper]
10:21:54.071 [main] INFO org.springframework.boot.test.context.SpringBootTestContextBootstrapper - Neither @ContextConfiguration nor @ContextHierarchy found for test class [com.zd.seckill.MiaoShaApplicationTests], using SpringBootContextLoader
10:21:54.078 [main] DEBUG org.springframework.test.context.support.AbstractContextLoader - Did not detect default resource location for test class [com.zd.seckill.MiaoShaApplicationTests]: class path resource [com/zd/seckill/MiaoShaApplicationTests-context.xml] does not exist
10:21:54.079 [main] DEBUG org.springframework.test.context.support.AbstractContextLoader - Did not detect default resource location for test class [com.zd.seckill.MiaoShaApplicationTests]: class path resource [com/zd/seckill/MiaoShaApplicationTestsContext.groovy] does not exist
10:21:54.079 [main] INFO org.springframework.test.context.support.AbstractContextLoader - Could not detect default resource locations for test class [com.zd.seckill.MiaoShaApplicationTests]: no resource found for suffixes {-context.xml, Context.groovy}.
10:21:54.081 [main] INFO org.springframework.test.context.support.AnnotationConfigContextLoaderUtils - Could not detect default configuration classes for test class [com.zd.seckill.MiaoShaApplicationTests]: MiaoShaApplicationTests does not declare any static, non-private, non-final, nested classes annotated with @Configuration.
10:21:54.150 [main] DEBUG org.springframework.test.context.support.ActiveProfilesUtils - Could not find an 'annotation declaring class' for annotation type [org.springframework.test.context.ActiveProfiles] and class [com.zd.seckill.MiaoShaApplicationTests]
10:21:54.254 [main] DEBUG org.springframework.context.annotation.ClassPathScanningCandidateComponentProvider - Identified candidate component class: file [D:\study\MiaoSha\target\classes\com\zd\seckill\MiaoShaApplication.class]
10:21:54.255 [main] INFO org.springframework.boot.test.context.SpringBootTestContextBootstrapper - Found @SpringBootConfiguration com.zd.seckill.MiaoShaApplication for test class com.zd.seckill.MiaoShaApplicationTests
10:21:54.390 [main] DEBUG org.springframework.boot.test.context.SpringBootTestContextBootstrapper - @TestExecutionListeners is not present for class [com.zd.seckill.MiaoShaApplicationTests]: using defaults.
10:21:54.391 [main] INFO org.springframework.boot.test.context.SpringBootTestContextBootstrapper - Loaded default TestExecutionListener class names from location [META-INF/spring.factories]: [org.springframework.boot.test.mock.mockito.MockitoTestExecutionListener, org.springframework.boot.test.mock.mockito.ResetMocksTestExecutionListener, org.springframework.boot.test.autoconfigure.restdocs.RestDocsTestExecutionListener, org.springframework.boot.test.autoconfigure.web.client.MockRestServiceServerResetTestExecutionListener, org.springframework.boot.test.autoconfigure.web.servlet.MockMvcPrintOnlyOnFailureTestExecutionListener, org.springframework.boot.test.autoconfigure.web.servlet.WebDriverTestExecutionListener, org.springframework.boot.test.autoconfigure.webservices.client.MockWebServiceServerTestExecutionListener, org.springframework.test.context.web.ServletTestExecutionListener, org.springframework.test.context.support.DirtiesContextBeforeModesTestExecutionListener, org.springframework.test.context.event.ApplicationEventsTestExecutionListener, org.springframework.test.context.support.DependencyInjectionTestExecutionListener, org.springframework.test.context.support.DirtiesContextTestExecutionListener, org.springframework.test.context.transaction.TransactionalTestExecutionListener, org.springframework.test.context.jdbc.SqlScriptsTestExecutionListener, org.springframework.test.context.event.EventPublishingTestExecutionListener]
10:21:54.417 [main] INFO org.springframework.boot.test.context.SpringBootTestContextBootstrapper - Using TestExecutionListeners: [org.springframework.test.context.web.ServletTestExecutionListener@5a59ca5e, org.springframework.test.context.support.DirtiesContextBeforeModesTestExecutionListener@4bdeaabb, org.springframework.test.context.event.ApplicationEventsTestExecutionListener@6c4906d3, org.springframework.boot.test.mock.mockito.MockitoTestExecutionListener@65987993, org.springframework.boot.test.autoconfigure.SpringBootDependencyInjectionTestExecutionListener@71075444, org.springframework.test.context.support.DirtiesContextTestExecutionListener@4f32a3ad, org.springframework.test.context.transaction.TransactionalTestExecutionListener@6b695b06, org.springframework.test.context.jdbc.SqlScriptsTestExecutionListener@4d1bf319, org.springframework.test.context.event.EventPublishingTestExecutionListener@6f53b8a, org.springframework.boot.test.mock.mockito.ResetMocksTestExecutionListener@5c80cf32, org.springframework.boot.test.autoconfigure.restdocs.RestDocsTestExecutionListener@7d900ecf, org.springframework.boot.test.autoconfigure.web.client.MockRestServiceServerResetTestExecutionListener@6f01b95f, org.springframework.boot.test.autoconfigure.web.servlet.MockMvcPrintOnlyOnFailureTestExecutionListener@4007f65e, org.springframework.boot.test.autoconfigure.web.servlet.WebDriverTestExecutionListener@1a245833, org.springframework.boot.test.autoconfigure.webservices.client.MockWebServiceServerTestExecutionListener@673fdbce]
10:21:54.423 [main] DEBUG org.springframework.test.context.support.AbstractDirtiesContextTestExecutionListener - Before test class: context [DefaultTestContext@5745ca0e testClass = MiaoShaApplicationTests, testInstance = [null], testMethod = [null], testException = [null], mergedContextConfiguration = [WebMergedContextConfiguration@3ad83a66 testClass = MiaoShaApplicationTests, locations = '{}', classes = '{class com.zd.seckill.MiaoShaApplication}', contextInitializerClasses = '[]', activeProfiles = '{}', propertySourceLocations = '{}', propertySourceProperties = '{org.springframework.boot.test.context.SpringBootTestContextBootstrapper=true}', contextCustomizers = set[org.springframework.boot.test.context.filter.ExcludeFilterContextCustomizer@c8c12ac, org.springframework.boot.test.json.DuplicateJsonObjectContextCustomizerFactory$DuplicateJsonObjectContextCustomizer@4ec4f3a0, org.springframework.boot.test.mock.mockito.MockitoContextCustomizer@0, org.springframework.boot.test.web.client.TestRestTemplateContextCustomizer@49e53c76, org.springframework.boot.test.autoconfigure.actuate.metrics.MetricsExportContextCustomizerFactory$DisableMetricExportContextCustomizer@799f10e1, org.springframework.boot.test.autoconfigure.properties.PropertyMappingContextCustomizer@0, org.springframework.boot.test.autoconfigure.web.servlet.WebDriverContextCustomizerFactory$Customizer@5656be13, org.springframework.boot.test.context.SpringBootTestArgs@1, org.springframework.boot.test.context.SpringBootTestWebEnvironment@464bee09], resourceBasePath = 'src/main/webapp', contextLoader = 'org.springframework.boot.test.context.SpringBootContextLoader', parent = [null]], attributes = map['org.springframework.test.context.web.ServletTestExecutionListener.activateListener' -> true]], class annotated with @DirtiesContext [false] with mode [null].

  .   ____          _            __ _ _
 /\\ / ___'_ __ _ _(_)_ __  __ _ \ \ \ \
( ( )\___ | '_ | '_| | '_ \/ _` | \ \ \ \
 \\/  ___)| |_)| | | | | || (_| |  ) ) ) )
  '  |____| .__|_| |_|_| |_\__, | / / / /
 =========|_|==============|___/=/_/_/_/
 :: Spring Boot ::                (v2.6.7)

2022-07-23 10:21:54.990  INFO 16140 --- [           main] com.zd.seckill.MiaoShaApplicationTests   : Starting MiaoShaApplicationTests using Java 1.8.0_311 on DESKTOP-4IIPUKJ with PID 16140 (started by 11264 in D:\study\MiaoSha)
2022-07-23 10:21:54.992  INFO 16140 --- [           main] com.zd.seckill.MiaoShaApplicationTests   : No active profile set, falling back to 1 default profile: "default"
2022-07-23 10:21:56.451  INFO 16140 --- [           main] .s.d.r.c.RepositoryConfigurationDelegate : Multiple Spring Data modules found, entering strict repository configuration mode!
2022-07-23 10:21:56.457  INFO 16140 --- [           main] .s.d.r.c.RepositoryConfigurationDelegate : Bootstrapping Spring Data Redis repositories in DEFAULT mode.
2022-07-23 10:21:56.554  INFO 16140 --- [           main] .s.d.r.c.RepositoryConfigurationDelegate : Finished Spring Data repository scanning in 59 ms. Found 0 Redis repository interfaces.
 _ _   |_  _ _|_. ___ _ |    _ 
| | |\/|_)(_| | |_\  |_)||_|_\ 
     /               |         
                        3.5.1 
2022-07-23 10:22:00.972  WARN 16140 --- [           main] com.zaxxer.hikari.HikariConfig           : DataHikariCP - idleTimeout is close to or more than maxLifetime, disabling it.
2022-07-23 10:22:00.975  INFO 16140 --- [           main] com.zaxxer.hikari.HikariDataSource       : DataHikariCP - Starting...
2022-07-23 10:22:01.522  INFO 16140 --- [           main] com.zaxxer.hikari.HikariDataSource       : DataHikariCP - Start completed.
2022-07-23 10:22:01.532 DEBUG 16140 --- [           main] c.z.s.mapper.GoodsMapper.findGoodsVo     : ==>  Preparing: select g.id, g.goods_name, g.goods_title, g.goods_img, g.goods_detail, g.goods_price, g.goods_stock, sg.seckill_price, sg.stock_count, sg.start_date, sg.end_date from t_goods g left join t_seckill_goods as sg on g.id = sg.goods_id
2022-07-23 10:22:01.557 DEBUG 16140 --- [           main] c.z.s.mapper.GoodsMapper.findGoodsVo     : ==> Parameters: 
2022-07-23 10:22:01.630 DEBUG 16140 --- [           main] c.z.s.mapper.GoodsMapper.findGoodsVo     : <==      Total: 2
2022-07-23 10:22:04.878  WARN 16140 --- [           main] o.s.w.c.s.GenericWebApplicationContext   : Exception encountered during context initialization - cancelling refresh attempt: org.springframework.beans.factory.BeanCreationException: Error creating bean with name 'secKillController' defined in file [D:\study\MiaoSha\target\classes\com\zd\seckill\controller\SecKillController.class]: Invocation of init method failed; nested exception is org.springframework.data.redis.RedisConnectionFailureException: Unable to connect to Redis; nested exception is org.springframework.data.redis.connection.PoolException: Could not get a resource from the pool; nested exception is io.lettuce.core.RedisConnectionException: Unable to connect to 127.0.0.1:6379
2022-07-23 10:22:05.067  INFO 16140 --- [           main] com.zaxxer.hikari.HikariDataSource       : DataHikariCP - Shutdown initiated...
2022-07-23 10:22:05.082  INFO 16140 --- [           main] com.zaxxer.hikari.HikariDataSource       : DataHikariCP - Shutdown completed.
2022-07-23 10:22:05.096  INFO 16140 --- [           main] ConditionEvaluationReportLoggingListener : 

Error starting ApplicationContext. To display the conditions report re-run your application with 'debug' enabled.
2022-07-23 10:22:05.148 ERROR 16140 --- [           main] o.s.boot.SpringApplication               : Application run failed

org.springframework.beans.factory.BeanCreationException: Error creating bean with name 'secKillController' defined in file [D:\study\MiaoSha\target\classes\com\zd\seckill\controller\SecKillController.class]: Invocation of init method failed; nested exception is org.springframework.data.redis.RedisConnectionFailureException: Unable to connect to Redis; nested exception is org.springframework.data.redis.connection.PoolException: Could not get a resource from the pool; nested exception is io.lettuce.core.RedisConnectionException: Unable to connect to 127.0.0.1:6379
	at org.springframework.beans.factory.support.AbstractAutowireCapableBeanFactory.initializeBean(AbstractAutowireCapableBeanFactory.java:1804) ~[spring-beans-5.3.19.jar:5.3.19]
	at org.springframework.beans.factory.support.AbstractAutowireCapableBeanFactory.doCreateBean(AbstractAutowireCapableBeanFactory.java:620) ~[spring-beans-5.3.19.jar:5.3.19]
	at org.springframework.beans.factory.support.AbstractAutowireCapableBeanFactory.createBean(AbstractAutowireCapableBeanFactory.java:542) ~[spring-beans-5.3.19.jar:5.3.19]
	at org.springframework.beans.factory.support.AbstractBeanFactory.lambda$doGetBean$0(AbstractBeanFactory.java:335) ~[spring-beans-5.3.19.jar:5.3.19]
	at org.springframework.beans.factory.support.DefaultSingletonBeanRegistry.getSingleton(DefaultSingletonBeanRegistry.java:234) ~[spring-beans-5.3.19.jar:5.3.19]
	at org.springframework.beans.factory.support.AbstractBeanFactory.doGetBean(AbstractBeanFactory.java:333) ~[spring-beans-5.3.19.jar:5.3.19]
	at org.springframework.beans.factory.support.AbstractBeanFactory.getBean(AbstractBeanFactory.java:208) ~[spring-beans-5.3.19.jar:5.3.19]
	at org.springframework.beans.factory.support.DefaultListableBeanFactory.preInstantiateSingletons(DefaultListableBeanFactory.java:953) ~[spring-beans-5.3.19.jar:5.3.19]
	at org.springframework.context.support.AbstractApplicationContext.finishBeanFactoryInitialization(AbstractApplicationContext.java:918) ~[spring-context-5.3.19.jar:5.3.19]
	at org.springframework.context.support.AbstractApplicationContext.refresh(AbstractApplicationContext.java:583) ~[spring-context-5.3.19.jar:5.3.19]
	at org.springframework.boot.SpringApplication.refresh(SpringApplication.java:740) ~[spring-boot-2.6.7.jar:2.6.7]
	at org.springframework.boot.SpringApplication.refreshContext(SpringApplication.java:415) ~[spring-boot-2.6.7.jar:2.6.7]
	at org.springframework.boot.SpringApplication.run(SpringApplication.java:303) ~[spring-boot-2.6.7.jar:2.6.7]
	at org.springframework.boot.test.context.SpringBootContextLoader.loadContext(SpringBootContextLoader.java:144) [spring-boot-test-2.6.7.jar:2.6.7]
	at org.springframework.test.context.cache.DefaultCacheAwareContextLoaderDelegate.loadContextInternal(DefaultCacheAwareContextLoaderDelegate.java:99) [spring-test-5.3.19.jar:5.3.19]
	at org.springframework.test.context.cache.DefaultCacheAwareContextLoaderDelegate.loadContext(DefaultCacheAwareContextLoaderDelegate.java:124) [spring-test-5.3.19.jar:5.3.19]
	at org.springframework.test.context.support.DefaultTestContext.getApplicationContext(DefaultTestContext.java:124) [spring-test-5.3.19.jar:5.3.19]
	at org.springframework.test.context.web.ServletTestExecutionListener.setUpRequestContextIfNecessary(ServletTestExecutionListener.java:190) [spring-test-5.3.19.jar:5.3.19]
	at org.springframework.test.context.web.ServletTestExecutionListener.prepareTestInstance(ServletTestExecutionListener.java:132) [spring-test-5.3.19.jar:5.3.19]
	at org.springframework.test.context.TestContextManager.prepareTestInstance(TestContextManager.java:248) [spring-test-5.3.19.jar:5.3.19]
	at org.springframework.test.context.junit.jupiter.SpringExtension.postProcessTestInstance(SpringExtension.java:138) [spring-test-5.3.19.jar:5.3.19]
	at org.junit.jupiter.engine.descriptor.ClassBasedTestDescriptor.lambda$invokeTestInstancePostProcessors$8(ClassBasedTestDescriptor.java:363) [junit-jupiter-engine-5.8.2.jar:5.8.2]
	at org.junit.jupiter.engine.descriptor.ClassBasedTestDescriptor.executeAndMaskThrowable(ClassBasedTestDescriptor.java:368) [junit-jupiter-engine-5.8.2.jar:5.8.2]
	at org.junit.jupiter.engine.descriptor.ClassBasedTestDescriptor.lambda$invokeTestInstancePostProcessors$9(ClassBasedTestDescriptor.java:363) [junit-jupiter-engine-5.8.2.jar:5.8.2]
	at java.util.stream.ReferencePipeline$3$1.accept(ReferencePipeline.java:193) ~[na:1.8.0_311]
	at java.util.stream.ReferencePipeline$2$1.accept(ReferencePipeline.java:175) ~[na:1.8.0_311]
	at java.util.ArrayList$ArrayListSpliterator.forEachRemaining(ArrayList.java:1384) ~[na:1.8.0_311]
	at java.util.stream.AbstractPipeline.copyInto(AbstractPipeline.java:482) ~[na:1.8.0_311]
	at java.util.stream.AbstractPipeline.wrapAndCopyInto(AbstractPipeline.java:472) ~[na:1.8.0_311]
	at java.util.stream.StreamSpliterators$WrappingSpliterator.forEachRemaining(StreamSpliterators.java:312) ~[na:1.8.0_311]
	at java.util.stream.Streams$ConcatSpliterator.forEachRemaining(Streams.java:743) ~[na:1.8.0_311]
	at java.util.stream.Streams$ConcatSpliterator.forEachRemaining(Streams.java:742) ~[na:1.8.0_311]
	at java.util.stream.ReferencePipeline$Head.forEach(ReferencePipeline.java:580) ~[na:1.8.0_311]
	at org.junit.jupiter.engine.descriptor.ClassBasedTestDescriptor.invokeTestInstancePostProcessors(ClassBasedTestDescriptor.java:362) [junit-jupiter-engine-5.8.2.jar:5.8.2]
	at org.junit.jupiter.engine.descriptor.ClassBasedTestDescriptor.lambda$instantiateAndPostProcessTestInstance$6(ClassBasedTestDescriptor.java:283) [junit-jupiter-engine-5.8.2.jar:5.8.2]
	at org.junit.platform.engine.support.hierarchical.ThrowableCollector.execute(ThrowableCollector.java:73) ~[junit-platform-engine-1.8.2.jar:1.8.2]
	at org.junit.jupiter.engine.descriptor.ClassBasedTestDescriptor.instantiateAndPostProcessTestInstance(ClassBasedTestDescriptor.java:282) [junit-jupiter-engine-5.8.2.jar:5.8.2]
	at org.junit.jupiter.engine.descriptor.ClassBasedTestDescriptor.lambda$testInstancesProvider$4(ClassBasedTestDescriptor.java:272) [junit-jupiter-engine-5.8.2.jar:5.8.2]
	at java.util.Optional.orElseGet(Optional.java:267) ~[na:1.8.0_311]
	at org.junit.jupiter.engine.descriptor.ClassBasedTestDescriptor.lambda$testInstancesProvider$5(ClassBasedTestDescriptor.java:271) [junit-jupiter-engine-5.8.2.jar:5.8.2]
	at org.junit.jupiter.engine.execution.TestInstancesProvider.getTestInstances(TestInstancesProvider.java:31) ~[junit-jupiter-engine-5.8.2.jar:5.8.2]
	at org.junit.jupiter.engine.descriptor.TestMethodTestDescriptor.lambda$prepare$0(TestMethodTestDescriptor.java:102) ~[junit-jupiter-engine-5.8.2.jar:5.8.2]
	at org.junit.platform.engine.support.hierarchical.ThrowableCollector.execute(ThrowableCollector.java:73) ~[junit-platform-engine-1.8.2.jar:1.8.2]
	at org.junit.jupiter.engine.descriptor.TestMethodTestDescriptor.prepare(TestMethodTestDescriptor.java:101) ~[junit-jupiter-engine-5.8.2.jar:5.8.2]
	at org.junit.jupiter.engine.descriptor.TestMethodTestDescriptor.prepare(TestMethodTestDescriptor.java:66) ~[junit-jupiter-engine-5.8.2.jar:5.8.2]
	at org.junit.platform.engine.support.hierarchical.NodeTestTask.lambda$prepare$2(NodeTestTask.java:123) ~[junit-platform-engine-1.8.2.jar:1.8.2]
	at org.junit.platform.engine.support.hierarchical.ThrowableCollector.execute(ThrowableCollector.java:73) ~[junit-platform-engine-1.8.2.jar:1.8.2]
	at org.junit.platform.engine.support.hierarchical.NodeTestTask.prepare(NodeTestTask.java:123) ~[junit-platform-engine-1.8.2.jar:1.8.2]
	at org.junit.platform.engine.support.hierarchical.NodeTestTask.execute(NodeTestTask.java:90) ~[junit-platform-engine-1.8.2.jar:1.8.2]
	at java.util.ArrayList.forEach(ArrayList.java:1259) ~[na:1.8.0_311]
	at org.junit.platform.engine.support.hierarchical.SameThreadHierarchicalTestExecutorService.invokeAll(SameThreadHierarchicalTestExecutorService.java:41) ~[junit-platform-engine-1.8.2.jar:1.8.2]
	at org.junit.platform.engine.support.hierarchical.NodeTestTask.lambda$executeRecursively$6(NodeTestTask.java:155) ~[junit-platform-engine-1.8.2.jar:1.8.2]
	at org.junit.platform.engine.support.hierarchical.ThrowableCollector.execute(ThrowableCollector.java:73) ~[junit-platform-engine-1.8.2.jar:1.8.2]
	at org.junit.platform.engine.support.hierarchical.NodeTestTask.lambda$executeRecursively$8(NodeTestTask.java:141) ~[junit-platform-engine-1.8.2.jar:1.8.2]
	at org.junit.platform.engine.support.hierarchical.Node.around(Node.java:137) ~[junit-platform-engine-1.8.2.jar:1.8.2]
	at org.junit.platform.engine.support.hierarchical.NodeTestTask.lambda$executeRecursively$9(NodeTestTask.java:139) ~[junit-platform-engine-1.8.2.jar:1.8.2]
	at org.junit.platform.engine.support.hierarchical.ThrowableCollector.execute(ThrowableCollector.java:73) ~[junit-platform-engine-1.8.2.jar:1.8.2]
	at org.junit.platform.engine.support.hierarchical.NodeTestTask.executeRecursively(NodeTestTask.java:138) ~[junit-platform-engine-1.8.2.jar:1.8.2]
	at org.junit.platform.engine.support.hierarchical.NodeTestTask.execute(NodeTestTask.java:95) ~[junit-platform-engine-1.8.2.jar:1.8.2]
	at java.util.ArrayList.forEach(ArrayList.java:1259) ~[na:1.8.0_311]
	at org.junit.platform.engine.support.hierarchical.SameThreadHierarchicalTestExecutorService.invokeAll(SameThreadHierarchicalTestExecutorService.java:41) ~[junit-platform-engine-1.8.2.jar:1.8.2]
	at org.junit.platform.engine.support.hierarchical.NodeTestTask.lambda$executeRecursively$6(NodeTestTask.java:155) ~[junit-platform-engine-1.8.2.jar:1.8.2]
	at org.junit.platform.engine.support.hierarchical.ThrowableCollector.execute(ThrowableCollector.java:73) ~[junit-platform-engine-1.8.2.jar:1.8.2]
	at org.junit.platform.engine.support.hierarchical.NodeTestTask.lambda$executeRecursively$8(NodeTestTask.java:141) ~[junit-platform-engine-1.8.2.jar:1.8.2]
	at org.junit.platform.engine.support.hierarchical.Node.around(Node.java:137) ~[junit-platform-engine-1.8.2.jar:1.8.2]
	at org.junit.platform.engine.support.hierarchical.NodeTestTask.lambda$executeRecursively$9(NodeTestTask.java:139) ~[junit-platform-engine-1.8.2.jar:1.8.2]
	at org.junit.platform.engine.support.hierarchical.ThrowableCollector.execute(ThrowableCollector.java:73) ~[junit-platform-engine-1.8.2.jar:1.8.2]
	at org.junit.platform.engine.support.hierarchical.NodeTestTask.executeRecursively(NodeTestTask.java:138) ~[junit-platform-engine-1.8.2.jar:1.8.2]
	at org.junit.platform.engine.support.hierarchical.NodeTestTask.execute(NodeTestTask.java:95) ~[junit-platform-engine-1.8.2.jar:1.8.2]
	at org.junit.platform.engine.support.hierarchical.SameThreadHierarchicalTestExecutorService.submit(SameThreadHierarchicalTestExecutorService.java:35) ~[junit-platform-engine-1.8.2.jar:1.8.2]
	at org.junit.platform.engine.support.hierarchical.HierarchicalTestExecutor.execute(HierarchicalTestExecutor.java:57) ~[junit-platform-engine-1.8.2.jar:1.8.2]
	at org.junit.platform.engine.support.hierarchical.HierarchicalTestEngine.execute(HierarchicalTestEngine.java:54) ~[junit-platform-engine-1.8.2.jar:1.8.2]
	at org.junit.platform.launcher.core.DefaultLauncher.execute(DefaultLauncher.java:220) ~[junit-platform-launcher-1.3.1.jar:1.3.1]
	at org.junit.platform.launcher.core.DefaultLauncher.lambda$execute$6(DefaultLauncher.java:188) ~[junit-platform-launcher-1.3.1.jar:1.3.1]
	at org.junit.platform.launcher.core.DefaultLauncher.withInterceptedStreams(DefaultLauncher.java:202) ~[junit-platform-launcher-1.3.1.jar:1.3.1]
	at org.junit.platform.launcher.core.DefaultLauncher.execute(DefaultLauncher.java:181) ~[junit-platform-launcher-1.3.1.jar:1.3.1]
	at org.junit.platform.launcher.core.DefaultLauncher.execute(DefaultLauncher.java:128) ~[junit-platform-launcher-1.3.1.jar:1.3.1]
	at org.apache.maven.surefire.junitplatform.JUnitPlatformProvider.invokeAllTests(JUnitPlatformProvider.java:150) ~[surefire-junit-platform-2.22.2.jar:2.22.2]
	at org.apache.maven.surefire.junitplatform.JUnitPlatformProvider.invoke(JUnitPlatformProvider.java:124) ~[surefire-junit-platform-2.22.2.jar:2.22.2]
	at org.apache.maven.surefire.booter.ForkedBooter.invokeProviderInSameClassLoader(ForkedBooter.java:384) ~[surefire-booter-2.22.2.jar:2.22.2]
	at org.apache.maven.surefire.booter.ForkedBooter.runSuitesInProcess(ForkedBooter.java:345) ~[surefire-booter-2.22.2.jar:2.22.2]
	at org.apache.maven.surefire.booter.ForkedBooter.execute(ForkedBooter.java:126) ~[surefire-booter-2.22.2.jar:2.22.2]
	at org.apache.maven.surefire.booter.ForkedBooter.main(ForkedBooter.java:418) ~[surefire-booter-2.22.2.jar:2.22.2]
Caused by: org.springframework.data.redis.RedisConnectionFailureException: Unable to connect to Redis; nested exception is org.springframework.data.redis.connection.PoolException: Could not get a resource from the pool; nested exception is io.lettuce.core.RedisConnectionException: Unable to connect to 127.0.0.1:6379
	at org.springframework.data.redis.connection.lettuce.LettuceConnectionFactory$ExceptionTranslatingConnectionProvider.translateException(LettuceConnectionFactory.java:1689) ~[spring-data-redis-2.6.4.jar:2.6.4]
	at org.springframework.data.redis.connection.lettuce.LettuceConnectionFactory$ExceptionTranslatingConnectionProvider.getConnection(LettuceConnectionFactory.java:1597) ~[spring-data-redis-2.6.4.jar:2.6.4]
	at org.springframework.data.redis.connection.lettuce.LettuceConnectionFactory$SharedConnection.getNativeConnection(LettuceConnectionFactory.java:1383) ~[spring-data-redis-2.6.4.jar:2.6.4]
	at org.springframework.data.redis.connection.lettuce.LettuceConnectionFactory$SharedConnection.getConnection(LettuceConnectionFactory.java:1366) ~[spring-data-redis-2.6.4.jar:2.6.4]
	at org.springframework.data.redis.connection.lettuce.LettuceConnectionFactory.getSharedConnection(LettuceConnectionFactory.java:1093) ~[spring-data-redis-2.6.4.jar:2.6.4]
	at org.springframework.data.redis.connection.lettuce.LettuceConnectionFactory.getConnection(LettuceConnectionFactory.java:421) ~[spring-data-redis-2.6.4.jar:2.6.4]
	at org.springframework.data.redis.core.RedisConnectionUtils.fetchConnection(RedisConnectionUtils.java:193) ~[spring-data-redis-2.6.4.jar:2.6.4]
	at org.springframework.data.redis.core.RedisConnectionUtils.doGetConnection(RedisConnectionUtils.java:144) ~[spring-data-redis-2.6.4.jar:2.6.4]
	at org.springframework.data.redis.core.RedisConnectionUtils.getConnection(RedisConnectionUtils.java:105) ~[spring-data-redis-2.6.4.jar:2.6.4]
	at org.springframework.data.redis.core.RedisTemplate.execute(RedisTemplate.java:210) ~[spring-data-redis-2.6.4.jar:2.6.4]
	at org.springframework.data.redis.core.RedisTemplate.execute(RedisTemplate.java:190) ~[spring-data-redis-2.6.4.jar:2.6.4]
	at org.springframework.data.redis.core.AbstractOperations.execute(AbstractOperations.java:97) ~[spring-data-redis-2.6.4.jar:2.6.4]
	at org.springframework.data.redis.core.DefaultValueOperations.set(DefaultValueOperations.java:305) ~[spring-data-redis-2.6.4.jar:2.6.4]
	at com.zd.seckill.controller.SecKillController.lambda$afterPropertiesSet$0(SecKillController.java:188) ~[classes/:na]
	at java.util.ArrayList.forEach(ArrayList.java:1259) ~[na:1.8.0_311]
	at com.zd.seckill.controller.SecKillController.afterPropertiesSet(SecKillController.java:186) ~[classes/:na]
	at org.springframework.beans.factory.support.AbstractAutowireCapableBeanFactory.invokeInitMethods(AbstractAutowireCapableBeanFactory.java:1863) ~[spring-beans-5.3.19.jar:5.3.19]
	at org.springframework.beans.factory.support.AbstractAutowireCapableBeanFactory.initializeBean(AbstractAutowireCapableBeanFactory.java:1800) ~[spring-beans-5.3.19.jar:5.3.19]
	... 82 common frames omitted
Caused by: org.springframework.data.redis.connection.PoolException: Could not get a resource from the pool; nested exception is io.lettuce.core.RedisConnectionException: Unable to connect to 127.0.0.1:6379
	at org.springframework.data.redis.connection.lettuce.LettucePoolingConnectionProvider.getConnection(LettucePoolingConnectionProvider.java:109) ~[spring-data-redis-2.6.4.jar:2.6.4]
	at org.springframework.data.redis.connection.lettuce.LettuceConnectionFactory$ExceptionTranslatingConnectionProvider.getConnection(LettuceConnectionFactory.java:1595) ~[spring-data-redis-2.6.4.jar:2.6.4]
	... 98 common frames omitted
Caused by: io.lettuce.core.RedisConnectionException: Unable to connect to 127.0.0.1:6379
	at io.lettuce.core.RedisConnectionException.create(RedisConnectionException.java:78) ~[lettuce-core-6.1.8.RELEASE.jar:6.1.8.RELEASE]
	at io.lettuce.core.RedisConnectionException.create(RedisConnectionException.java:56) ~[lettuce-core-6.1.8.RELEASE.jar:6.1.8.RELEASE]
	at io.lettuce.core.AbstractRedisClient.getConnection(AbstractRedisClient.java:330) ~[lettuce-core-6.1.8.RELEASE.jar:6.1.8.RELEASE]
	at io.lettuce.core.RedisClient.connect(RedisClient.java:216) ~[lettuce-core-6.1.8.RELEASE.jar:6.1.8.RELEASE]
	at org.springframework.data.redis.connection.lettuce.StandaloneConnectionProvider.lambda$getConnection$1(StandaloneConnectionProvider.java:115) ~[spring-data-redis-2.6.4.jar:2.6.4]
	at java.util.Optional.orElseGet(Optional.java:267) ~[na:1.8.0_311]
	at org.springframework.data.redis.connection.lettuce.StandaloneConnectionProvider.getConnection(StandaloneConnectionProvider.java:115) ~[spring-data-redis-2.6.4.jar:2.6.4]
	at org.springframework.data.redis.connection.lettuce.LettucePoolingConnectionProvider.lambda$null$0(LettucePoolingConnectionProvider.java:97) ~[spring-data-redis-2.6.4.jar:2.6.4]
	at io.lettuce.core.support.ConnectionPoolSupport$RedisPooledObjectFactory.create(ConnectionPoolSupport.java:211) ~[lettuce-core-6.1.8.RELEASE.jar:6.1.8.RELEASE]
	at io.lettuce.core.support.ConnectionPoolSupport$RedisPooledObjectFactory.create(ConnectionPoolSupport.java:201) ~[lettuce-core-6.1.8.RELEASE.jar:6.1.8.RELEASE]
	at org.apache.commons.pool2.BasePooledObjectFactory.makeObject(BasePooledObjectFactory.java:70) ~[commons-pool2-2.11.1.jar:2.11.1]
	at org.apache.commons.pool2.impl.GenericObjectPool.create(GenericObjectPool.java:571) ~[commons-pool2-2.11.1.jar:2.11.1]
	at org.apache.commons.pool2.impl.GenericObjectPool.borrowObject(GenericObjectPool.java:298) ~[commons-pool2-2.11.1.jar:2.11.1]
	at org.apache.commons.pool2.impl.GenericObjectPool.borrowObject(GenericObjectPool.java:223) ~[commons-pool2-2.11.1.jar:2.11.1]
	at io.lettuce.core.support.ConnectionPoolSupport$1.borrowObject(ConnectionPoolSupport.java:122) ~[lettuce-core-6.1.8.RELEASE.jar:6.1.8.RELEASE]
	at io.lettuce.core.support.ConnectionPoolSupport$1.borrowObject(ConnectionPoolSupport.java:117) ~[lettuce-core-6.1.8.RELEASE.jar:6.1.8.RELEASE]
	at org.springframework.data.redis.connection.lettuce.LettucePoolingConnectionProvider.getConnection(LettucePoolingConnectionProvider.java:103) ~[spring-data-redis-2.6.4.jar:2.6.4]
	... 99 common frames omitted
Caused by: io.netty.channel.AbstractChannel$AnnotatedConnectException: Connection refused: no further information: /127.0.0.1:6379
Caused by: java.net.ConnectException: Connection refused: no further information
	at sun.nio.ch.SocketChannelImpl.checkConnect(Native Method) ~[na:1.8.0_311]
	at sun.nio.ch.SocketChannelImpl.finishConnect(SocketChannelImpl.java:715) ~[na:1.8.0_311]
	at io.netty.channel.socket.nio.NioSocketChannel.doFinishConnect(NioSocketChannel.java:337) ~[netty-transport-4.1.76.Final.jar:4.1.76.Final]
	at io.netty.channel.nio.AbstractNioChannel$AbstractNioUnsafe.finishConnect(AbstractNioChannel.java:334) ~[netty-transport-4.1.76.Final.jar:4.1.76.Final]
	at io.netty.channel.nio.NioEventLoop.processSelectedKey(NioEventLoop.java:710) ~[netty-transport-4.1.76.Final.jar:4.1.76.Final]
	at io.netty.channel.nio.NioEventLoop.processSelectedKeysOptimized(NioEventLoop.java:658) ~[netty-transport-4.1.76.Final.jar:4.1.76.Final]
	at io.netty.channel.nio.NioEventLoop.processSelectedKeys(NioEventLoop.java:584) ~[netty-transport-4.1.76.Final.jar:4.1.76.Final]
	at io.netty.channel.nio.NioEventLoop.run(NioEventLoop.java:496) ~[netty-transport-4.1.76.Final.jar:4.1.76.Final]
	at io.netty.util.concurrent.SingleThreadEventExecutor$4.run(SingleThreadEventExecutor.java:986) ~[netty-common-4.1.76.Final.jar:4.1.76.Final]
	at io.netty.util.internal.ThreadExecutorMap$2.run(ThreadExecutorMap.java:74) ~[netty-common-4.1.76.Final.jar:4.1.76.Final]
	at io.netty.util.concurrent.FastThreadLocalRunnable.run(FastThreadLocalRunnable.java:30) ~[netty-common-4.1.76.Final.jar:4.1.76.Final]
	at java.lang.Thread.run(Thread.java:748) ~[na:1.8.0_311]

2022-07-23 10:22:05.155 ERROR 16140 --- [           main] o.s.test.context.TestContextManager      : Caught exception while allowing TestExecutionListener [org.springframework.test.context.web.ServletTestExecutionListener@5a59ca5e] to prepare test instance [com.zd.seckill.MiaoShaApplicationTests@73aaec54]

java.lang.IllegalStateException: Failed to load ApplicationContext
	at org.springframework.test.context.cache.DefaultCacheAwareContextLoaderDelegate.loadContext(DefaultCacheAwareContextLoaderDelegate.java:132) ~[spring-test-5.3.19.jar:5.3.19]
	at org.springframework.test.context.support.DefaultTestContext.getApplicationContext(DefaultTestContext.java:124) ~[spring-test-5.3.19.jar:5.3.19]
	at org.springframework.test.context.web.ServletTestExecutionListener.setUpRequestContextIfNecessary(ServletTestExecutionListener.java:190) ~[spring-test-5.3.19.jar:5.3.19]
	at org.springframework.test.context.web.ServletTestExecutionListener.prepareTestInstance(ServletTestExecutionListener.java:132) ~[spring-test-5.3.19.jar:5.3.19]
	at org.springframework.test.context.TestContextManager.prepareTestInstance(TestContextManager.java:248) ~[spring-test-5.3.19.jar:5.3.19]
	at org.springframework.test.context.junit.jupiter.SpringExtension.postProcessTestInstance(SpringExtension.java:138) [spring-test-5.3.19.jar:5.3.19]
	at org.junit.jupiter.engine.descriptor.ClassBasedTestDescriptor.lambda$invokeTestInstancePostProcessors$8(ClassBasedTestDescriptor.java:363) [junit-jupiter-engine-5.8.2.jar:5.8.2]
	at org.junit.jupiter.engine.descriptor.ClassBasedTestDescriptor.executeAndMaskThrowable(ClassBasedTestDescriptor.java:368) [junit-jupiter-engine-5.8.2.jar:5.8.2]
	at org.junit.jupiter.engine.descriptor.ClassBasedTestDescriptor.lambda$invokeTestInstancePostProcessors$9(ClassBasedTestDescriptor.java:363) [junit-jupiter-engine-5.8.2.jar:5.8.2]
	at java.util.stream.ReferencePipeline$3$1.accept(ReferencePipeline.java:193) ~[na:1.8.0_311]
	at java.util.stream.ReferencePipeline$2$1.accept(ReferencePipeline.java:175) ~[na:1.8.0_311]
	at java.util.ArrayList$ArrayListSpliterator.forEachRemaining(ArrayList.java:1384) ~[na:1.8.0_311]
	at java.util.stream.AbstractPipeline.copyInto(AbstractPipeline.java:482) ~[na:1.8.0_311]
	at java.util.stream.AbstractPipeline.wrapAndCopyInto(AbstractPipeline.java:472) ~[na:1.8.0_311]
	at java.util.stream.StreamSpliterators$WrappingSpliterator.forEachRemaining(StreamSpliterators.java:312) ~[na:1.8.0_311]
	at java.util.stream.Streams$ConcatSpliterator.forEachRemaining(Streams.java:743) ~[na:1.8.0_311]
	at java.util.stream.Streams$ConcatSpliterator.forEachRemaining(Streams.java:742) ~[na:1.8.0_311]
	at java.util.stream.ReferencePipeline$Head.forEach(ReferencePipeline.java:580) ~[na:1.8.0_311]
	at org.junit.jupiter.engine.descriptor.ClassBasedTestDescriptor.invokeTestInstancePostProcessors(ClassBasedTestDescriptor.java:362) [junit-jupiter-engine-5.8.2.jar:5.8.2]
	at org.junit.jupiter.engine.descriptor.ClassBasedTestDescriptor.lambda$instantiateAndPostProcessTestInstance$6(ClassBasedTestDescriptor.java:283) [junit-jupiter-engine-5.8.2.jar:5.8.2]
	at org.junit.platform.engine.support.hierarchical.ThrowableCollector.execute(ThrowableCollector.java:73) ~[junit-platform-engine-1.8.2.jar:1.8.2]
	at org.junit.jupiter.engine.descriptor.ClassBasedTestDescriptor.instantiateAndPostProcessTestInstance(ClassBasedTestDescriptor.java:282) [junit-jupiter-engine-5.8.2.jar:5.8.2]
	at org.junit.jupiter.engine.descriptor.ClassBasedTestDescriptor.lambda$testInstancesProvider$4(ClassBasedTestDescriptor.java:272) [junit-jupiter-engine-5.8.2.jar:5.8.2]
	at java.util.Optional.orElseGet(Optional.java:267) ~[na:1.8.0_311]
	at org.junit.jupiter.engine.descriptor.ClassBasedTestDescriptor.lambda$testInstancesProvider$5(ClassBasedTestDescriptor.java:271) [junit-jupiter-engine-5.8.2.jar:5.8.2]
	at org.junit.jupiter.engine.execution.TestInstancesProvider.getTestInstances(TestInstancesProvider.java:31) ~[junit-jupiter-engine-5.8.2.jar:5.8.2]
	at org.junit.jupiter.engine.descriptor.TestMethodTestDescriptor.lambda$prepare$0(TestMethodTestDescriptor.java:102) ~[junit-jupiter-engine-5.8.2.jar:5.8.2]
	at org.junit.platform.engine.support.hierarchical.ThrowableCollector.execute(ThrowableCollector.java:73) ~[junit-platform-engine-1.8.2.jar:1.8.2]
	at org.junit.jupiter.engine.descriptor.TestMethodTestDescriptor.prepare(TestMethodTestDescriptor.java:101) ~[junit-jupiter-engine-5.8.2.jar:5.8.2]
	at org.junit.jupiter.engine.descriptor.TestMethodTestDescriptor.prepare(TestMethodTestDescriptor.java:66) ~[junit-jupiter-engine-5.8.2.jar:5.8.2]
	at org.junit.platform.engine.support.hierarchical.NodeTestTask.lambda$prepare$2(NodeTestTask.java:123) ~[junit-platform-engine-1.8.2.jar:1.8.2]
	at org.junit.platform.engine.support.hierarchical.ThrowableCollector.execute(ThrowableCollector.java:73) ~[junit-platform-engine-1.8.2.jar:1.8.2]
	at org.junit.platform.engine.support.hierarchical.NodeTestTask.prepare(NodeTestTask.java:123) ~[junit-platform-engine-1.8.2.jar:1.8.2]
	at org.junit.platform.engine.support.hierarchical.NodeTestTask.execute(NodeTestTask.java:90) ~[junit-platform-engine-1.8.2.jar:1.8.2]
	at java.util.ArrayList.forEach(ArrayList.java:1259) ~[na:1.8.0_311]
	at org.junit.platform.engine.support.hierarchical.SameThreadHierarchicalTestExecutorService.invokeAll(SameThreadHierarchicalTestExecutorService.java:41) ~[junit-platform-engine-1.8.2.jar:1.8.2]
	at org.junit.platform.engine.support.hierarchical.NodeTestTask.lambda$executeRecursively$6(NodeTestTask.java:155) ~[junit-platform-engine-1.8.2.jar:1.8.2]
	at org.junit.platform.engine.support.hierarchical.ThrowableCollector.execute(ThrowableCollector.java:73) ~[junit-platform-engine-1.8.2.jar:1.8.2]
	at org.junit.platform.engine.support.hierarchical.NodeTestTask.lambda$executeRecursively$8(NodeTestTask.java:141) ~[junit-platform-engine-1.8.2.jar:1.8.2]
	at org.junit.platform.engine.support.hierarchical.Node.around(Node.java:137) ~[junit-platform-engine-1.8.2.jar:1.8.2]
	at org.junit.platform.engine.support.hierarchical.NodeTestTask.lambda$executeRecursively$9(NodeTestTask.java:139) ~[junit-platform-engine-1.8.2.jar:1.8.2]
	at org.junit.platform.engine.support.hierarchical.ThrowableCollector.execute(ThrowableCollector.java:73) ~[junit-platform-engine-1.8.2.jar:1.8.2]
	at org.junit.platform.engine.support.hierarchical.NodeTestTask.executeRecursively(NodeTestTask.java:138) ~[junit-platform-engine-1.8.2.jar:1.8.2]
	at org.junit.platform.engine.support.hierarchical.NodeTestTask.execute(NodeTestTask.java:95) ~[junit-platform-engine-1.8.2.jar:1.8.2]
	at java.util.ArrayList.forEach(ArrayList.java:1259) ~[na:1.8.0_311]
	at org.junit.platform.engine.support.hierarchical.SameThreadHierarchicalTestExecutorService.invokeAll(SameThreadHierarchicalTestExecutorService.java:41) ~[junit-platform-engine-1.8.2.jar:1.8.2]
	at org.junit.platform.engine.support.hierarchical.NodeTestTask.lambda$executeRecursively$6(NodeTestTask.java:155) ~[junit-platform-engine-1.8.2.jar:1.8.2]
	at org.junit.platform.engine.support.hierarchical.ThrowableCollector.execute(ThrowableCollector.java:73) ~[junit-platform-engine-1.8.2.jar:1.8.2]
	at org.junit.platform.engine.support.hierarchical.NodeTestTask.lambda$executeRecursively$8(NodeTestTask.java:141) ~[junit-platform-engine-1.8.2.jar:1.8.2]
	at org.junit.platform.engine.support.hierarchical.Node.around(Node.java:137) ~[junit-platform-engine-1.8.2.jar:1.8.2]
	at org.junit.platform.engine.support.hierarchical.NodeTestTask.lambda$executeRecursively$9(NodeTestTask.java:139) ~[junit-platform-engine-1.8.2.jar:1.8.2]
	at org.junit.platform.engine.support.hierarchical.ThrowableCollector.execute(ThrowableCollector.java:73) ~[junit-platform-engine-1.8.2.jar:1.8.2]
	at org.junit.platform.engine.support.hierarchical.NodeTestTask.executeRecursively(NodeTestTask.java:138) ~[junit-platform-engine-1.8.2.jar:1.8.2]
	at org.junit.platform.engine.support.hierarchical.NodeTestTask.execute(NodeTestTask.java:95) ~[junit-platform-engine-1.8.2.jar:1.8.2]
	at org.junit.platform.engine.support.hierarchical.SameThreadHierarchicalTestExecutorService.submit(SameThreadHierarchicalTestExecutorService.java:35) ~[junit-platform-engine-1.8.2.jar:1.8.2]
	at org.junit.platform.engine.support.hierarchical.HierarchicalTestExecutor.execute(HierarchicalTestExecutor.java:57) ~[junit-platform-engine-1.8.2.jar:1.8.2]
	at org.junit.platform.engine.support.hierarchical.HierarchicalTestEngine.execute(HierarchicalTestEngine.java:54) ~[junit-platform-engine-1.8.2.jar:1.8.2]
	at org.junit.platform.launcher.core.DefaultLauncher.execute(DefaultLauncher.java:220) ~[junit-platform-launcher-1.3.1.jar:1.3.1]
	at org.junit.platform.launcher.core.DefaultLauncher.lambda$execute$6(DefaultLauncher.java:188) ~[junit-platform-launcher-1.3.1.jar:1.3.1]
	at org.junit.platform.launcher.core.DefaultLauncher.withInterceptedStreams(DefaultLauncher.java:202) ~[junit-platform-launcher-1.3.1.jar:1.3.1]
	at org.junit.platform.launcher.core.DefaultLauncher.execute(DefaultLauncher.java:181) ~[junit-platform-launcher-1.3.1.jar:1.3.1]
	at org.junit.platform.launcher.core.DefaultLauncher.execute(DefaultLauncher.java:128) ~[junit-platform-launcher-1.3.1.jar:1.3.1]
	at org.apache.maven.surefire.junitplatform.JUnitPlatformProvider.invokeAllTests(JUnitPlatformProvider.java:150) ~[surefire-junit-platform-2.22.2.jar:2.22.2]
	at org.apache.maven.surefire.junitplatform.JUnitPlatformProvider.invoke(JUnitPlatformProvider.java:124) ~[surefire-junit-platform-2.22.2.jar:2.22.2]
	at org.apache.maven.surefire.booter.ForkedBooter.invokeProviderInSameClassLoader(ForkedBooter.java:384) ~[surefire-booter-2.22.2.jar:2.22.2]
	at org.apache.maven.surefire.booter.ForkedBooter.runSuitesInProcess(ForkedBooter.java:345) ~[surefire-booter-2.22.2.jar:2.22.2]
	at org.apache.maven.surefire.booter.ForkedBooter.execute(ForkedBooter.java:126) ~[surefire-booter-2.22.2.jar:2.22.2]
	at org.apache.maven.surefire.booter.ForkedBooter.main(ForkedBooter.java:418) ~[surefire-booter-2.22.2.jar:2.22.2]
Caused by: org.springframework.beans.factory.BeanCreationException: Error creating bean with name 'secKillController' defined in file [D:\study\MiaoSha\target\classes\com\zd\seckill\controller\SecKillController.class]: Invocation of init method failed; nested exception is org.springframework.data.redis.RedisConnectionFailureException: Unable to connect to Redis; nested exception is org.springframework.data.redis.connection.PoolException: Could not get a resource from the pool; nested exception is io.lettuce.core.RedisConnectionException: Unable to connect to 127.0.0.1:6379
	at org.springframework.beans.factory.support.AbstractAutowireCapableBeanFactory.initializeBean(AbstractAutowireCapableBeanFactory.java:1804) ~[spring-beans-5.3.19.jar:5.3.19]
	at org.springframework.beans.factory.support.AbstractAutowireCapableBeanFactory.doCreateBean(AbstractAutowireCapableBeanFactory.java:620) ~[spring-beans-5.3.19.jar:5.3.19]
	at org.springframework.beans.factory.support.AbstractAutowireCapableBeanFactory.createBean(AbstractAutowireCapableBeanFactory.java:542) ~[spring-beans-5.3.19.jar:5.3.19]
	at org.springframework.beans.factory.support.AbstractBeanFactory.lambda$doGetBean$0(AbstractBeanFactory.java:335) ~[spring-beans-5.3.19.jar:5.3.19]
	at org.springframework.beans.factory.support.DefaultSingletonBeanRegistry.getSingleton(DefaultSingletonBeanRegistry.java:234) ~[spring-beans-5.3.19.jar:5.3.19]
	at org.springframework.beans.factory.support.AbstractBeanFactory.doGetBean(AbstractBeanFactory.java:333) ~[spring-beans-5.3.19.jar:5.3.19]
	at org.springframework.beans.factory.support.AbstractBeanFactory.getBean(AbstractBeanFactory.java:208) ~[spring-beans-5.3.19.jar:5.3.19]
	at org.springframework.beans.factory.support.DefaultListableBeanFactory.preInstantiateSingletons(DefaultListableBeanFactory.java:953) ~[spring-beans-5.3.19.jar:5.3.19]
	at org.springframework.context.support.AbstractApplicationContext.finishBeanFactoryInitialization(AbstractApplicationContext.java:918) ~[spring-context-5.3.19.jar:5.3.19]
	at org.springframework.context.support.AbstractApplicationContext.refresh(AbstractApplicationContext.java:583) ~[spring-context-5.3.19.jar:5.3.19]
	at org.springframework.boot.SpringApplication.refresh(SpringApplication.java:740) ~[spring-boot-2.6.7.jar:2.6.7]
	at org.springframework.boot.SpringApplication.refreshContext(SpringApplication.java:415) ~[spring-boot-2.6.7.jar:2.6.7]
	at org.springframework.boot.SpringApplication.run(SpringApplication.java:303) ~[spring-boot-2.6.7.jar:2.6.7]
	at org.springframework.boot.test.context.SpringBootContextLoader.loadContext(SpringBootContextLoader.java:144) ~[spring-boot-test-2.6.7.jar:2.6.7]
	at org.springframework.test.context.cache.DefaultCacheAwareContextLoaderDelegate.loadContextInternal(DefaultCacheAwareContextLoaderDelegate.java:99) ~[spring-test-5.3.19.jar:5.3.19]
	at org.springframework.test.context.cache.DefaultCacheAwareContextLoaderDelegate.loadContext(DefaultCacheAwareContextLoaderDelegate.java:124) ~[spring-test-5.3.19.jar:5.3.19]
	... 67 common frames omitted
Caused by: org.springframework.data.redis.RedisConnectionFailureException: Unable to connect to Redis; nested exception is org.springframework.data.redis.connection.PoolException: Could not get a resource from the pool; nested exception is io.lettuce.core.RedisConnectionException: Unable to connect to 127.0.0.1:6379
	at org.springframework.data.redis.connection.lettuce.LettuceConnectionFactory$ExceptionTranslatingConnectionProvider.translateException(LettuceConnectionFactory.java:1689) ~[spring-data-redis-2.6.4.jar:2.6.4]
	at org.springframework.data.redis.connection.lettuce.LettuceConnectionFactory$ExceptionTranslatingConnectionProvider.getConnection(LettuceConnectionFactory.java:1597) ~[spring-data-redis-2.6.4.jar:2.6.4]
	at org.springframework.data.redis.connection.lettuce.LettuceConnectionFactory$SharedConnection.getNativeConnection(LettuceConnectionFactory.java:1383) ~[spring-data-redis-2.6.4.jar:2.6.4]
	at org.springframework.data.redis.connection.lettuce.LettuceConnectionFactory$SharedConnection.getConnection(LettuceConnectionFactory.java:1366) ~[spring-data-redis-2.6.4.jar:2.6.4]
	at org.springframework.data.redis.connection.lettuce.LettuceConnectionFactory.getSharedConnection(LettuceConnectionFactory.java:1093) ~[spring-data-redis-2.6.4.jar:2.6.4]
	at org.springframework.data.redis.connection.lettuce.LettuceConnectionFactory.getConnection(LettuceConnectionFactory.java:421) ~[spring-data-redis-2.6.4.jar:2.6.4]
	at org.springframework.data.redis.core.RedisConnectionUtils.fetchConnection(RedisConnectionUtils.java:193) ~[spring-data-redis-2.6.4.jar:2.6.4]
	at org.springframework.data.redis.core.RedisConnectionUtils.doGetConnection(RedisConnectionUtils.java:144) ~[spring-data-redis-2.6.4.jar:2.6.4]
	at org.springframework.data.redis.core.RedisConnectionUtils.getConnection(RedisConnectionUtils.java:105) ~[spring-data-redis-2.6.4.jar:2.6.4]
	at org.springframework.data.redis.core.RedisTemplate.execute(RedisTemplate.java:210) ~[spring-data-redis-2.6.4.jar:2.6.4]
	at org.springframework.data.redis.core.RedisTemplate.execute(RedisTemplate.java:190) ~[spring-data-redis-2.6.4.jar:2.6.4]
	at org.springframework.data.redis.core.AbstractOperations.execute(AbstractOperations.java:97) ~[spring-data-redis-2.6.4.jar:2.6.4]
	at org.springframework.data.redis.core.DefaultValueOperations.set(DefaultValueOperations.java:305) ~[spring-data-redis-2.6.4.jar:2.6.4]
	at com.zd.seckill.controller.SecKillController.lambda$afterPropertiesSet$0(SecKillController.java:188) ~[classes/:na]
	at java.util.ArrayList.forEach(ArrayList.java:1259) ~[na:1.8.0_311]
	at com.zd.seckill.controller.SecKillController.afterPropertiesSet(SecKillController.java:186) ~[classes/:na]
	at org.springframework.beans.factory.support.AbstractAutowireCapableBeanFactory.invokeInitMethods(AbstractAutowireCapableBeanFactory.java:1863) ~[spring-beans-5.3.19.jar:5.3.19]
	at org.springframework.beans.factory.support.AbstractAutowireCapableBeanFactory.initializeBean(AbstractAutowireCapableBeanFactory.java:1800) ~[spring-beans-5.3.19.jar:5.3.19]
	... 82 common frames omitted
Caused by: org.springframework.data.redis.connection.PoolException: Could not get a resource from the pool; nested exception is io.lettuce.core.RedisConnectionException: Unable to connect to 127.0.0.1:6379
	at org.springframework.data.redis.connection.lettuce.LettucePoolingConnectionProvider.getConnection(LettucePoolingConnectionProvider.java:109) ~[spring-data-redis-2.6.4.jar:2.6.4]
	at org.springframework.data.redis.connection.lettuce.LettuceConnectionFactory$ExceptionTranslatingConnectionProvider.getConnection(LettuceConnectionFactory.java:1595) ~[spring-data-redis-2.6.4.jar:2.6.4]
	... 98 common frames omitted
Caused by: io.lettuce.core.RedisConnectionException: Unable to connect to 127.0.0.1:6379
	at io.lettuce.core.RedisConnectionException.create(RedisConnectionException.java:78) ~[lettuce-core-6.1.8.RELEASE.jar:6.1.8.RELEASE]
	at io.lettuce.core.RedisConnectionException.create(RedisConnectionException.java:56) ~[lettuce-core-6.1.8.RELEASE.jar:6.1.8.RELEASE]
	at io.lettuce.core.AbstractRedisClient.getConnection(AbstractRedisClient.java:330) ~[lettuce-core-6.1.8.RELEASE.jar:6.1.8.RELEASE]
	at io.lettuce.core.RedisClient.connect(RedisClient.java:216) ~[lettuce-core-6.1.8.RELEASE.jar:6.1.8.RELEASE]
	at org.springframework.data.redis.connection.lettuce.StandaloneConnectionProvider.lambda$getConnection$1(StandaloneConnectionProvider.java:115) ~[spring-data-redis-2.6.4.jar:2.6.4]
	at java.util.Optional.orElseGet(Optional.java:267) ~[na:1.8.0_311]
	at org.springframework.data.redis.connection.lettuce.StandaloneConnectionProvider.getConnection(StandaloneConnectionProvider.java:115) ~[spring-data-redis-2.6.4.jar:2.6.4]
	at org.springframework.data.redis.connection.lettuce.LettucePoolingConnectionProvider.lambda$null$0(LettucePoolingConnectionProvider.java:97) ~[spring-data-redis-2.6.4.jar:2.6.4]
	at io.lettuce.core.support.ConnectionPoolSupport$RedisPooledObjectFactory.create(ConnectionPoolSupport.java:211) ~[lettuce-core-6.1.8.RELEASE.jar:6.1.8.RELEASE]
	at io.lettuce.core.support.ConnectionPoolSupport$RedisPooledObjectFactory.create(ConnectionPoolSupport.java:201) ~[lettuce-core-6.1.8.RELEASE.jar:6.1.8.RELEASE]
	at org.apache.commons.pool2.BasePooledObjectFactory.makeObject(BasePooledObjectFactory.java:70) ~[commons-pool2-2.11.1.jar:2.11.1]
	at org.apache.commons.pool2.impl.GenericObjectPool.create(GenericObjectPool.java:571) ~[commons-pool2-2.11.1.jar:2.11.1]
	at org.apache.commons.pool2.impl.GenericObjectPool.borrowObject(GenericObjectPool.java:298) ~[commons-pool2-2.11.1.jar:2.11.1]
	at org.apache.commons.pool2.impl.GenericObjectPool.borrowObject(GenericObjectPool.java:223) ~[commons-pool2-2.11.1.jar:2.11.1]
	at io.lettuce.core.support.ConnectionPoolSupport$1.borrowObject(ConnectionPoolSupport.java:122) ~[lettuce-core-6.1.8.RELEASE.jar:6.1.8.RELEASE]
	at io.lettuce.core.support.ConnectionPoolSupport$1.borrowObject(ConnectionPoolSupport.java:117) ~[lettuce-core-6.1.8.RELEASE.jar:6.1.8.RELEASE]
	at org.springframework.data.redis.connection.lettuce.LettucePoolingConnectionProvider.getConnection(LettucePoolingConnectionProvider.java:103) ~[spring-data-redis-2.6.4.jar:2.6.4]
	... 99 common frames omitted
Caused by: io.netty.channel.AbstractChannel$AnnotatedConnectException: Connection refused: no further information: /127.0.0.1:6379
Caused by: java.net.ConnectException: Connection refused: no further information
	at sun.nio.ch.SocketChannelImpl.checkConnect(Native Method) ~[na:1.8.0_311]
	at sun.nio.ch.SocketChannelImpl.finishConnect(SocketChannelImpl.java:715) ~[na:1.8.0_311]
	at io.netty.channel.socket.nio.NioSocketChannel.doFinishConnect(NioSocketChannel.java:337) ~[netty-transport-4.1.76.Final.jar:4.1.76.Final]
	at io.netty.channel.nio.AbstractNioChannel$AbstractNioUnsafe.finishConnect(AbstractNioChannel.java:334) ~[netty-transport-4.1.76.Final.jar:4.1.76.Final]
	at io.netty.channel.nio.NioEventLoop.processSelectedKey(NioEventLoop.java:710) ~[netty-transport-4.1.76.Final.jar:4.1.76.Final]
	at io.netty.channel.nio.NioEventLoop.processSelectedKeysOptimized(NioEventLoop.java:658) ~[netty-transport-4.1.76.Final.jar:4.1.76.Final]
	at io.netty.channel.nio.NioEventLoop.processSelectedKeys(NioEventLoop.java:584) ~[netty-transport-4.1.76.Final.jar:4.1.76.Final]
	at io.netty.channel.nio.NioEventLoop.run(NioEventLoop.java:496) ~[netty-transport-4.1.76.Final.jar:4.1.76.Final]
	at io.netty.util.concurrent.SingleThreadEventExecutor$4.run(SingleThreadEventExecutor.java:986) ~[netty-common-4.1.76.Final.jar:4.1.76.Final]
	at io.netty.util.internal.ThreadExecutorMap$2.run(ThreadExecutorMap.java:74) ~[netty-common-4.1.76.Final.jar:4.1.76.Final]
	at io.netty.util.concurrent.FastThreadLocalRunnable.run(FastThreadLocalRunnable.java:30) ~[netty-common-4.1.76.Final.jar:4.1.76.Final]
	at java.lang.Thread.run(Thread.java:748) ~[na:1.8.0_311]

]]></system-out>
  </testcase>
</testsuite>